2026-04-13 19:05:24,014 | INFO | Pipelie Run By : Akshaya
2026-04-13 19:05:24,015 | INFO | Project Name : Currency_Exchange_Rate_Pipeline
2026-04-13 19:05:24,015 | INFO | Time : 2026-04-13 19:05:24.015206
2026-04-13 19:05:24,015 | INFO | --------------------------------------------------------------------------------------------------------------------------
2026-04-13 19:05:24,015 | INFO | Scheduled trigger activated at 2026-04-13. Running the ETL pipeline.
2026-04-13 19:05:24,015 | INFO | Starting the ETL pipeline and the trigger: schedule.
2026-04-13 19:21:17,505 | INFO | url used to fetch the API is : https://api.frankfurter.dev/v1/2026-04-13..?base=USD
2026-04-13 19:21:17,507 | INFO | Data saved successfully to new_raw_data.json
2026-04-13 19:21:17,511 | INFO | Raw data loaded successfully from the file new_raw_data.json.
2026-04-13 19:21:17,513 | INFO | 2026-04-10.json is saved to Historic_raw_data folder and the currencies got are 29.
2026-04-13 19:21:17,526 | INFO | Data flattened successfully for date: 2026-04-10
2026-04-13 19:21:17,534 | INFO | Flattened data saved to 2026-04-10.csv in Silver/flattened_data folder.
2026-04-13 19:21:17,549 | INFO | cleaned data is saved to clean_data_2026-04-13_19-21-17.csv in Silver.
2026-04-13 19:21:17,549 | INFO | No error data found after applying the rules.
2026-04-13 19:21:17,614 | INFO | Using ELT_PROJECT Database.
2026-04-13 19:21:17,633 | INFO | currency_exchange_rate table created successfully and got committed.
2026-04-13 19:21:17,657 | INFO | Rows got successfully inserted into currency_exchange_rate.
2026-04-13 19:21:17,660 | INFO | Starting KPI calculations.
2026-04-13 19:21:17,660 | INFO | Starting KPI-1 calculation.
2026-04-13 19:21:18,187 | INFO | KPI-1 is successfully created.
2026-04-13 19:21:18,188 | INFO | Starting KPI-2 calculation.
2026-04-13 19:21:18,540 | INFO | KPI-2 is successfully created.
2026-04-13 19:21:18,541 | INFO | Starting KPI-3 calculation.
2026-04-13 19:21:18,795 | INFO | KPI-3 is successfully created.
2026-04-13 19:21:18,796 | INFO | Starting KPI-4 calculation.
2026-04-13 19:21:18,939 | INFO | KPI-4 is successfully created.
2026-04-13 19:21:18,940 | INFO | Starting KPI-5 calculation.
2026-04-13 19:21:19,048 | INFO | KPI-5 is successfully created.
2026-04-13 19:21:19,049 | INFO | Starting KPI-6 calculation.
2026-04-13 19:21:19,303 | INFO | KPI-6 is successfully created.
2026-04-13 19:21:19,304 | INFO | Starting KPI-7 calculation.
2026-04-13 19:21:19,545 | INFO | KPI-7 is successfully created.
2026-04-13 19:21:19,547 | INFO | All KPIs have been calculated and stored in the database.
2026-04-13 19:21:19,547 | INFO | Pipeline execution completed.
2026-04-13 19:21:19,547 | INFO | cleaned data rows count: 29
2026-04-13 19:21:19,547 | INFO | error data rows count: 0
2026-04-13 19:21:19,547 | INFO | Total rows generated by API : 29
2026-04-13 19:21:19,547 | INFO | ETL pipeline execution completed successfully.
2026-04-13 19:21:19,548 | INFO | ******************************************** END ********************************************
