Scheduled trigger activated at 2026-03-30. Running the ETL pipeline.
ETL pipeline run by Akshaya 
Starting the ETL pipeline and the trigger: schedule.
url used to fetch the API is : https://api.frankfurter.dev/v1/2026-03-30..?base=USD
Data saved successfully to new_raw_data.json
Raw data loaded successfully from the file new_raw_data.json.
2026-03-27.json is saved to Historic_raw_data folder and the currencies got are 29.
Data flattened successfully for date: 2026-03-27
Flattened data saved to 2026-03-27.csv in Silver/flattened_data folder.
cleaned data is saved to clean_data_2026-03-30_16-00-02.csv in Silver. The number of rows in clean data are 29.
No error data found after applying the rules.
Using ELT_PROJECT Database.
currency_exchange_rate table created successfully and got committed.
Rows got successfully inserted into currency_exchange_rate and the rows got inserted are 29.
KPI-1 is successfully created.
KPI-2 is successfully created.
KPI-3 is successfully created.
KPI-4 is successfully created.
KPI-5 is successfully created.
KPI-6 is successfully created.
KPI-7 is successfully created.
Pipeline execution completed.
ETL pipeline execution completed successfully.
Pipelie Run By : Akshaya
Project Name : Currency_Exchange_Rate_Pipeline
Time : 2026-03-30 19:00:02.155354
--------------------------------------------------------------------------------------------------------------------------
Scheduled trigger activated at 2026-03-30. Running the ETL pipeline.
Starting the ETL pipeline and the trigger: schedule.
url used to fetch the API is : https://api.frankfurter.dev/v1/2026-03-30..?base=USD
Data saved successfully to new_raw_data.json
Raw data loaded successfully from the file new_raw_data.json.
2026-03-27.json is saved to Historic_raw_data folder and the currencies got are 29.
Data flattened successfully for date: 2026-03-27
Flattened data saved to 2026-03-27.csv in Silver/flattened_data folder.
cleaned data is saved to clean_data_2026-03-30_19-00-02.csv in Silver.
No error data found after applying the rules.
Using ELT_PROJECT Database.
currency_exchange_rate table created successfully and got committed.
Rows got successfully inserted into currency_exchange_rate.
KPI-1 is successfully created.
KPI-2 is successfully created.
KPI-3 is successfully created.
KPI-4 is successfully created.
KPI-5 is successfully created.
KPI-6 is successfully created.
KPI-7 is successfully created.
Pipeline execution completed.
cleaned data rows count:  29
error data rows count:  0
Total rows generated by API :  29
ETL pipeline execution completed successfully.
******************************************** END ********************************************
Pipelie Run By : Akshaya
Project Name : Currency_Exchange_Rate_Pipeline
Time : 2026-03-31 19:00:02.663648
--------------------------------------------------------------------------------------------------------------------------
Scheduled trigger activated at 2026-03-31. Running the ETL pipeline.
Starting the ETL pipeline and the trigger: schedule.
url used to fetch the API is : https://api.frankfurter.dev/v1/2026-03-31..?base=USD
Data saved successfully to new_raw_data.json
Raw data loaded successfully from the file new_raw_data.json.
2026-03-30.json is saved to Historic_raw_data folder and the currencies got are 29.
Data flattened successfully for date: 2026-03-30
Flattened data saved to 2026-03-30.csv in Silver/flattened_data folder.
cleaned data is saved to clean_data_2026-03-31_19-00-32.csv in Silver.
No error data found after applying the rules.
Using ELT_PROJECT Database.
currency_exchange_rate table created successfully and got committed.
Rows got successfully inserted into currency_exchange_rate.
KPI-1 is successfully created.
KPI-2 is successfully created.
KPI-3 is successfully created.
KPI-4 is successfully created.
KPI-5 is successfully created.
KPI-6 is successfully created.
KPI-7 is successfully created.
Pipeline execution completed.
cleaned data rows count:  29
error data rows count:  0
Total rows generated by API :  29
ETL pipeline execution completed successfully.
******************************************** END ********************************************
Traceback (most recent call last):
  File "/Users/akshaya1228/ELT_PROJECT_2/triggers/scheduled_trigger.py", line 20, in <module>
    setup_logger = logger()
TypeError: logger() missing 1 required positional argument: 'format'
Traceback (most recent call last):
  File "/Users/akshaya1228/ELT_PROJECT_2/triggers/scheduled_trigger.py", line 20, in <module>
    setup_logger = logger()
TypeError: logger() missing 1 required positional argument: 'format'
Traceback (most recent call last):
  File "/Users/akshaya1228/ELT_PROJECT_2/triggers/scheduled_trigger.py", line 20, in <module>
    setup_logger = logger()
TypeError: logger() missing 1 required positional argument: 'format'
Pipelie Run By : Akshaya
Project Name : Currency_Exchange_Rate_Pipeline
Time : 2026-04-08 19:00:02.068075
--------------------------------------------------------------------------------------------------------------------------
Scheduled trigger activated at 2026-04-08. Running the ETL pipeline.
Starting the ETL pipeline and the trigger: schedule.
url used to fetch the API is : https://api.frankfurter.dev/v1/2026-04-08..?base=USD
Data saved successfully to new_raw_data.json
Raw data loaded successfully from the file new_raw_data.json.
2026-04-07.json is saved to Historic_raw_data folder and the currencies got are 29.
Data flattened successfully for date: 2026-04-07
Flattened data saved to 2026-04-07.csv in Silver/flattened_data folder.
cleaned data is saved to clean_data_2026-04-08_19-00-02.csv in Silver.
No error data found after applying the rules.
Using ELT_PROJECT Database.
currency_exchange_rate table created successfully and got committed.
Rows got successfully inserted into currency_exchange_rate.
KPI-1 is successfully created.
KPI-2 is successfully created.
KPI-3 is successfully created.
KPI-4 is successfully created.
KPI-5 is successfully created.
KPI-6 is successfully created.
KPI-7 is successfully created.
Pipeline execution completed.
cleaned data rows count:  29
error data rows count:  0
Total rows generated by API :  29
ETL pipeline execution completed successfully.
******************************************** END ********************************************
Pipelie Run By : Akshaya
Project Name : Currency_Exchange_Rate_Pipeline
Time : 2026-04-13 19:05:24.015278
--------------------------------------------------------------------------------------------------------------------------
Scheduled trigger activated at 2026-04-13. Running the ETL pipeline.
Starting the ETL pipeline and the trigger: schedule.
url used to fetch the API is : https://api.frankfurter.dev/v1/2026-04-13..?base=USD
Data saved successfully to new_raw_data.json
Raw data loaded successfully from the file new_raw_data.json.
2026-04-10.json is saved to Historic_raw_data folder and the currencies got are 29.
Data flattened successfully for date: 2026-04-10
Flattened data saved to 2026-04-10.csv in Silver/flattened_data folder.
cleaned data is saved to clean_data_2026-04-13_19-21-17.csv in Silver.
No error data found after applying the rules.
Using ELT_PROJECT Database.
currency_exchange_rate table created successfully and got committed.
Rows got successfully inserted into currency_exchange_rate.
KPI-1 is successfully created.
KPI-2 is successfully created.
KPI-3 is successfully created.
KPI-4 is successfully created.
KPI-5 is successfully created.
KPI-6 is successfully created.
KPI-7 is successfully created.
Pipeline execution completed.
cleaned data rows count:  29
error data rows count:  0
Total rows generated by API :  29
ETL pipeline execution completed successfully.
******************************************** END ********************************************
