2026-03-31 16:40:02,091 | INFO | Config File has changed. date: 2026-03-31 16:40:02
2026-03-31 16:40:02,091 | INFO | Pipelie Run By : Akshaya
2026-03-31 16:40:02,092 | INFO | Project Name : Currency_Exchange_Rate_Pipeline
2026-03-31 16:40:02,092 | INFO | Time : 2026-03-31 16:40:02.092100
2026-03-31 16:40:02,092 | INFO | --------------------------------------------------------------------------------------------------------------------------
2026-03-31 16:40:02,092 | INFO | Config file has changed. Running the ETL pipeline.
2026-03-31 16:40:02,092 | INFO | Starting the ETL pipeline and the trigger: manual.
2026-03-31 16:40:02,794 | INFO | url used to fetch the API is : https://api.frankfurter.dev/v1/2022-02-01..2022-04-01?base=USD
2026-03-31 16:40:02,803 | INFO | Data saved successfully to new_raw_data.json
2026-03-31 16:40:17,858 | INFO | Raw data loaded successfully from the file new_raw_data.json.
2026-03-31 16:40:17,862 | INFO | 2022-02-01.json is saved to Historic_raw_data folder and the currencies got are 32.
2026-03-31 16:40:17,863 | INFO | 2022-02-02.json is saved to Historic_raw_data folder and the currencies got are 32.
2026-03-31 16:40:17,864 | INFO | 2022-02-03.json is saved to Historic_raw_data folder and the currencies got are 32.
2026-03-31 16:40:17,865 | INFO | 2022-02-04.json is saved to Historic_raw_data folder and the currencies got are 32.
2026-03-31 16:40:17,865 | INFO | 2022-02-07.json is saved to Historic_raw_data folder and the currencies got are 32.
2026-03-31 16:40:17,866 | INFO | 2022-02-08.json is saved to Historic_raw_data folder and the currencies got are 32.
2026-03-31 16:40:17,866 | INFO | 2022-02-09.json is saved to Historic_raw_data folder and the currencies got are 32.
2026-03-31 16:40:17,867 | INFO | 2022-02-10.json is saved to Historic_raw_data folder and the currencies got are 32.
2026-03-31 16:40:17,867 | INFO | 2022-02-11.json is saved to Historic_raw_data folder and the currencies got are 32.
2026-03-31 16:40:17,868 | INFO | 2022-02-14.json is saved to Historic_raw_data folder and the currencies got are 32.
2026-03-31 16:40:17,868 | INFO | 2022-02-15.json is saved to Historic_raw_data folder and the currencies got are 32.
2026-03-31 16:40:17,869 | INFO | 2022-02-16.json is saved to Historic_raw_data folder and the currencies got are 32.
2026-03-31 16:40:17,870 | INFO | 2022-02-17.json is saved to Historic_raw_data folder and the currencies got are 32.
2026-03-31 16:40:17,871 | INFO | 2022-02-18.json is saved to Historic_raw_data folder and the currencies got are 32.
2026-03-31 16:40:17,871 | INFO | 2022-02-21.json is saved to Historic_raw_data folder and the currencies got are 32.
2026-03-31 16:40:17,872 | INFO | 2022-02-22.json is saved to Historic_raw_data folder and the currencies got are 32.
2026-03-31 16:40:17,873 | INFO | 2022-02-23.json is saved to Historic_raw_data folder and the currencies got are 32.
2026-03-31 16:40:17,874 | INFO | 2022-02-24.json is saved to Historic_raw_data folder and the currencies got are 32.
2026-03-31 16:40:17,874 | INFO | 2022-02-25.json is saved to Historic_raw_data folder and the currencies got are 32.
2026-03-31 16:40:17,875 | INFO | 2022-02-28.json is saved to Historic_raw_data folder and the currencies got are 32.
2026-03-31 16:40:17,877 | INFO | 2022-03-01.json is saved to Historic_raw_data folder and the currencies got are 32.
2026-03-31 16:40:17,878 | INFO | 2022-03-02.json is saved to Historic_raw_data folder and the currencies got are 31.
2026-03-31 16:40:17,878 | INFO | 2022-03-03.json is saved to Historic_raw_data folder and the currencies got are 31.
2026-03-31 16:40:17,879 | INFO | 2022-03-04.json is saved to Historic_raw_data folder and the currencies got are 31.
2026-03-31 16:40:17,880 | INFO | 2022-03-07.json is saved to Historic_raw_data folder and the currencies got are 31.
2026-03-31 16:40:17,880 | INFO | 2022-03-08.json is saved to Historic_raw_data folder and the currencies got are 31.
2026-03-31 16:40:17,881 | INFO | 2022-03-09.json is saved to Historic_raw_data folder and the currencies got are 31.
2026-03-31 16:40:17,881 | INFO | 2022-03-10.json is saved to Historic_raw_data folder and the currencies got are 31.
2026-03-31 16:40:17,882 | INFO | 2022-03-11.json is saved to Historic_raw_data folder and the currencies got are 31.
2026-03-31 16:40:17,882 | INFO | 2022-03-14.json is saved to Historic_raw_data folder and the currencies got are 31.
2026-03-31 16:40:17,882 | INFO | 2022-03-15.json is saved to Historic_raw_data folder and the currencies got are 31.
2026-03-31 16:40:17,882 | INFO | 2022-03-16.json is saved to Historic_raw_data folder and the currencies got are 31.
2026-03-31 16:40:17,882 | INFO | 2022-03-17.json is saved to Historic_raw_data folder and the currencies got are 31.
2026-03-31 16:40:17,882 | INFO | 2022-03-18.json is saved to Historic_raw_data folder and the currencies got are 31.
2026-03-31 16:40:17,883 | INFO | 2022-03-21.json is saved to Historic_raw_data folder and the currencies got are 31.
2026-03-31 16:40:17,883 | INFO | 2022-03-22.json is saved to Historic_raw_data folder and the currencies got are 31.
2026-03-31 16:40:17,883 | INFO | 2022-03-23.json is saved to Historic_raw_data folder and the currencies got are 31.
2026-03-31 16:40:17,883 | INFO | 2022-03-24.json is saved to Historic_raw_data folder and the currencies got are 31.
2026-03-31 16:40:17,883 | INFO | 2022-03-25.json is saved to Historic_raw_data folder and the currencies got are 31.
2026-03-31 16:40:17,883 | INFO | 2022-03-28.json is saved to Historic_raw_data folder and the currencies got are 31.
2026-03-31 16:40:17,883 | INFO | 2022-03-29.json is saved to Historic_raw_data folder and the currencies got are 31.
2026-03-31 16:40:17,884 | INFO | 2022-03-30.json is saved to Historic_raw_data folder and the currencies got are 31.
2026-03-31 16:40:17,884 | INFO | 2022-03-31.json is saved to Historic_raw_data folder and the currencies got are 31.
2026-03-31 16:40:17,884 | INFO | 2022-04-01.json is saved to Historic_raw_data folder and the currencies got are 31.
2026-03-31 16:40:17,892 | INFO | Data flattened successfully for date: 2022-02-01
2026-03-31 16:40:17,896 | INFO | Flattened data saved to 2022-02-01.csv in Silver/flattened_data folder.
2026-03-31 16:40:17,897 | INFO | Data flattened successfully for date: 2022-02-02
2026-03-31 16:40:17,897 | INFO | Flattened data saved to 2022-02-02.csv in Silver/flattened_data folder.
2026-03-31 16:40:17,898 | INFO | Data flattened successfully for date: 2022-02-03
2026-03-31 16:40:17,898 | INFO | Flattened data saved to 2022-02-03.csv in Silver/flattened_data folder.
2026-03-31 16:40:17,899 | INFO | Data flattened successfully for date: 2022-02-04
2026-03-31 16:40:17,900 | INFO | Flattened data saved to 2022-02-04.csv in Silver/flattened_data folder.
2026-03-31 16:40:17,901 | INFO | Data flattened successfully for date: 2022-02-07
2026-03-31 16:40:17,902 | INFO | Flattened data saved to 2022-02-07.csv in Silver/flattened_data folder.
2026-03-31 16:40:17,902 | INFO | Data flattened successfully for date: 2022-02-08
2026-03-31 16:40:17,903 | INFO | Flattened data saved to 2022-02-08.csv in Silver/flattened_data folder.
2026-03-31 16:40:17,903 | INFO | Data flattened successfully for date: 2022-02-09
2026-03-31 16:40:17,904 | INFO | Flattened data saved to 2022-02-09.csv in Silver/flattened_data folder.
2026-03-31 16:40:17,905 | INFO | Data flattened successfully for date: 2022-02-10
2026-03-31 16:40:17,906 | INFO | Flattened data saved to 2022-02-10.csv in Silver/flattened_data folder.
2026-03-31 16:40:17,908 | INFO | Data flattened successfully for date: 2022-02-11
2026-03-31 16:40:17,909 | INFO | Flattened data saved to 2022-02-11.csv in Silver/flattened_data folder.
2026-03-31 16:40:17,910 | INFO | Data flattened successfully for date: 2022-02-14
2026-03-31 16:40:17,910 | INFO | Flattened data saved to 2022-02-14.csv in Silver/flattened_data folder.
2026-03-31 16:40:17,911 | INFO | Data flattened successfully for date: 2022-02-15
2026-03-31 16:40:17,911 | INFO | Flattened data saved to 2022-02-15.csv in Silver/flattened_data folder.
2026-03-31 16:40:17,912 | INFO | Data flattened successfully for date: 2022-02-16
2026-03-31 16:40:17,913 | INFO | Flattened data saved to 2022-02-16.csv in Silver/flattened_data folder.
2026-03-31 16:40:17,913 | INFO | Data flattened successfully for date: 2022-02-17
2026-03-31 16:40:17,914 | INFO | Flattened data saved to 2022-02-17.csv in Silver/flattened_data folder.
2026-03-31 16:40:17,914 | INFO | Data flattened successfully for date: 2022-02-18
2026-03-31 16:40:17,915 | INFO | Flattened data saved to 2022-02-18.csv in Silver/flattened_data folder.
2026-03-31 16:40:17,916 | INFO | Data flattened successfully for date: 2022-02-21
2026-03-31 16:40:17,916 | INFO | Flattened data saved to 2022-02-21.csv in Silver/flattened_data folder.
2026-03-31 16:40:17,917 | INFO | Data flattened successfully for date: 2022-02-22
2026-03-31 16:40:17,917 | INFO | Flattened data saved to 2022-02-22.csv in Silver/flattened_data folder.
2026-03-31 16:40:17,918 | INFO | Data flattened successfully for date: 2022-02-23
2026-03-31 16:40:17,918 | INFO | Flattened data saved to 2022-02-23.csv in Silver/flattened_data folder.
2026-03-31 16:40:17,919 | INFO | Data flattened successfully for date: 2022-02-24
2026-03-31 16:40:17,920 | INFO | Flattened data saved to 2022-02-24.csv in Silver/flattened_data folder.
2026-03-31 16:40:17,920 | INFO | Data flattened successfully for date: 2022-02-25
2026-03-31 16:40:17,921 | INFO | Flattened data saved to 2022-02-25.csv in Silver/flattened_data folder.
2026-03-31 16:40:17,921 | INFO | Data flattened successfully for date: 2022-02-28
2026-03-31 16:40:17,922 | INFO | Flattened data saved to 2022-02-28.csv in Silver/flattened_data folder.
2026-03-31 16:40:17,923 | INFO | Data flattened successfully for date: 2022-03-01
2026-03-31 16:40:17,923 | INFO | Flattened data saved to 2022-03-01.csv in Silver/flattened_data folder.
2026-03-31 16:40:17,924 | INFO | Data flattened successfully for date: 2022-03-02
2026-03-31 16:40:17,924 | INFO | Flattened data saved to 2022-03-02.csv in Silver/flattened_data folder.
2026-03-31 16:40:17,925 | INFO | Data flattened successfully for date: 2022-03-03
2026-03-31 16:40:17,925 | INFO | Flattened data saved to 2022-03-03.csv in Silver/flattened_data folder.
2026-03-31 16:40:17,926 | INFO | Data flattened successfully for date: 2022-03-04
2026-03-31 16:40:17,926 | INFO | Flattened data saved to 2022-03-04.csv in Silver/flattened_data folder.
2026-03-31 16:40:17,927 | INFO | Data flattened successfully for date: 2022-03-07
2026-03-31 16:40:17,927 | INFO | Flattened data saved to 2022-03-07.csv in Silver/flattened_data folder.
2026-03-31 16:40:17,928 | INFO | Data flattened successfully for date: 2022-03-08
2026-03-31 16:40:17,929 | INFO | Flattened data saved to 2022-03-08.csv in Silver/flattened_data folder.
2026-03-31 16:40:17,929 | INFO | Data flattened successfully for date: 2022-03-09
2026-03-31 16:40:17,930 | INFO | Flattened data saved to 2022-03-09.csv in Silver/flattened_data folder.
2026-03-31 16:40:17,933 | INFO | Data flattened successfully for date: 2022-03-10
2026-03-31 16:40:17,934 | INFO | Flattened data saved to 2022-03-10.csv in Silver/flattened_data folder.
2026-03-31 16:40:17,934 | INFO | Data flattened successfully for date: 2022-03-11
2026-03-31 16:40:17,935 | INFO | Flattened data saved to 2022-03-11.csv in Silver/flattened_data folder.
2026-03-31 16:40:17,936 | INFO | Data flattened successfully for date: 2022-03-14
2026-03-31 16:40:17,936 | INFO | Flattened data saved to 2022-03-14.csv in Silver/flattened_data folder.
2026-03-31 16:40:17,937 | INFO | Data flattened successfully for date: 2022-03-15
2026-03-31 16:40:17,937 | INFO | Flattened data saved to 2022-03-15.csv in Silver/flattened_data folder.
2026-03-31 16:40:17,938 | INFO | Data flattened successfully for date: 2022-03-16
2026-03-31 16:40:17,938 | INFO | Flattened data saved to 2022-03-16.csv in Silver/flattened_data folder.
2026-03-31 16:40:17,939 | INFO | Data flattened successfully for date: 2022-03-17
2026-03-31 16:40:17,940 | INFO | Flattened data saved to 2022-03-17.csv in Silver/flattened_data folder.
2026-03-31 16:40:17,940 | INFO | Data flattened successfully for date: 2022-03-18
2026-03-31 16:40:17,941 | INFO | Flattened data saved to 2022-03-18.csv in Silver/flattened_data folder.
2026-03-31 16:40:17,941 | INFO | Data flattened successfully for date: 2022-03-21
2026-03-31 16:40:17,942 | INFO | Flattened data saved to 2022-03-21.csv in Silver/flattened_data folder.
2026-03-31 16:40:17,942 | INFO | Data flattened successfully for date: 2022-03-22
2026-03-31 16:40:17,943 | INFO | Flattened data saved to 2022-03-22.csv in Silver/flattened_data folder.
2026-03-31 16:40:17,943 | INFO | Data flattened successfully for date: 2022-03-23
2026-03-31 16:40:17,944 | INFO | Flattened data saved to 2022-03-23.csv in Silver/flattened_data folder.
2026-03-31 16:40:17,944 | INFO | Data flattened successfully for date: 2022-03-24
2026-03-31 16:40:17,945 | INFO | Flattened data saved to 2022-03-24.csv in Silver/flattened_data folder.
2026-03-31 16:40:17,946 | INFO | Data flattened successfully for date: 2022-03-25
2026-03-31 16:40:17,946 | INFO | Flattened data saved to 2022-03-25.csv in Silver/flattened_data folder.
2026-03-31 16:40:17,947 | INFO | Data flattened successfully for date: 2022-03-28
2026-03-31 16:40:17,947 | INFO | Flattened data saved to 2022-03-28.csv in Silver/flattened_data folder.
2026-03-31 16:40:17,948 | INFO | Data flattened successfully for date: 2022-03-29
2026-03-31 16:40:17,948 | INFO | Flattened data saved to 2022-03-29.csv in Silver/flattened_data folder.
2026-03-31 16:40:17,949 | INFO | Data flattened successfully for date: 2022-03-30
2026-03-31 16:40:17,949 | INFO | Flattened data saved to 2022-03-30.csv in Silver/flattened_data folder.
2026-03-31 16:40:17,950 | INFO | Data flattened successfully for date: 2022-03-31
2026-03-31 16:40:17,950 | INFO | Flattened data saved to 2022-03-31.csv in Silver/flattened_data folder.
2026-03-31 16:40:17,951 | INFO | Data flattened successfully for date: 2022-04-01
2026-03-31 16:40:17,951 | INFO | Flattened data saved to 2022-04-01.csv in Silver/flattened_data folder.
2026-03-31 16:40:18,039 | INFO | cleaned data is saved to clean_data_2026-03-31_16-40-18.csv in Silver.
2026-03-31 16:40:18,039 | INFO | No error data found after applying the rules.
2026-03-31 16:40:18,184 | INFO | Using ELT_PROJECT Database.
2026-03-31 16:40:18,197 | INFO | currency_exchange_rate table created successfully and got committed.
2026-03-31 16:40:18,350 | INFO | Rows got successfully inserted into currency_exchange_rate.
2026-03-31 16:40:18,350 | INFO | Starting KPI calculations.
2026-03-31 16:40:18,350 | INFO | Starting KPI-1 calculation.
2026-03-31 16:40:18,853 | INFO | KPI-1 is successfully created.
2026-03-31 16:40:18,854 | INFO | Starting KPI-2 calculation.
2026-03-31 16:40:19,201 | INFO | KPI-2 is successfully created.
2026-03-31 16:40:19,202 | INFO | Starting KPI-3 calculation.
2026-03-31 16:40:19,421 | INFO | KPI-3 is successfully created.
2026-03-31 16:40:19,423 | INFO | Starting KPI-4 calculation.
2026-03-31 16:40:19,565 | INFO | KPI-4 is successfully created.
2026-03-31 16:40:19,566 | INFO | Starting KPI-5 calculation.
2026-03-31 16:40:19,658 | INFO | KPI-5 is successfully created.
2026-03-31 16:40:19,658 | INFO | Starting KPI-6 calculation.
2026-03-31 16:40:19,841 | INFO | KPI-6 is successfully created.
2026-03-31 16:40:19,842 | INFO | Starting KPI-7 calculation.
2026-03-31 16:40:20,012 | INFO | KPI-7 is successfully created.
2026-03-31 16:40:20,012 | INFO | All KPIs have been calculated and stored in the database.
2026-03-31 16:40:20,012 | INFO | Pipeline execution completed.
2026-03-31 16:40:20,013 | INFO | Hash updated successfully.
2026-03-31 16:40:20,013 | INFO | cleaned data rows count: 1385
2026-03-31 16:40:20,014 | INFO | error data rows count: 0
2026-03-31 16:40:20,014 | INFO | Total rows generated by API : 1385
2026-03-31 16:40:20,014 | INFO | ETL pipeline execution completed successfully.
2026-03-31 16:40:20,014 | INFO | ******************************************** END ********************************************
