2026-03-31 19:00:02,663 | INFO | Pipelie Run By : Akshaya
2026-03-31 19:00:02,663 | INFO | Project Name : Currency_Exchange_Rate_Pipeline
2026-03-31 19:00:02,663 | INFO | Time : 2026-03-31 19:00:02.663589
2026-03-31 19:00:02,663 | INFO | --------------------------------------------------------------------------------------------------------------------------
2026-03-31 19:00:02,663 | INFO | Scheduled trigger activated at 2026-03-31. Running the ETL pipeline.
2026-03-31 19:00:02,663 | INFO | Starting the ETL pipeline and the trigger: schedule.
2026-03-31 19:00:02,664 | INFO | No config changes. Skipping run. time: 2026-03-31 19:00:02.664336
2026-03-31 19:00:03,169 | INFO | url used to fetch the API is : https://api.frankfurter.dev/v1/2026-03-31..?base=USD
2026-03-31 19:00:03,171 | INFO | Data saved successfully to new_raw_data.json
2026-03-31 19:00:32,086 | INFO | Raw data loaded successfully from the file new_raw_data.json.
2026-03-31 19:00:32,089 | INFO | 2026-03-30.json is saved to Historic_raw_data folder and the currencies got are 29.
2026-03-31 19:00:32,108 | INFO | Data flattened successfully for date: 2026-03-30
2026-03-31 19:00:32,117 | INFO | Flattened data saved to 2026-03-30.csv in Silver/flattened_data folder.
2026-03-31 19:00:32,134 | INFO | cleaned data is saved to clean_data_2026-03-31_19-00-32.csv in Silver.
2026-03-31 19:00:32,134 | INFO | No error data found after applying the rules.
2026-03-31 19:00:32,250 | INFO | Using ELT_PROJECT Database.
2026-03-31 19:00:32,284 | INFO | currency_exchange_rate table created successfully and got committed.
2026-03-31 19:00:32,355 | INFO | Rows got successfully inserted into currency_exchange_rate.
2026-03-31 19:00:32,359 | INFO | Starting KPI calculations.
2026-03-31 19:00:32,359 | INFO | Starting KPI-1 calculation.
2026-03-31 19:00:33,170 | INFO | KPI-1 is successfully created.
2026-03-31 19:00:33,171 | INFO | Starting KPI-2 calculation.
2026-03-31 19:00:33,523 | INFO | KPI-2 is successfully created.
2026-03-31 19:00:33,524 | INFO | Starting KPI-3 calculation.
2026-03-31 19:00:33,780 | INFO | KPI-3 is successfully created.
2026-03-31 19:00:33,791 | INFO | Starting KPI-4 calculation.
2026-03-31 19:00:33,976 | INFO | KPI-4 is successfully created.
2026-03-31 19:00:33,977 | INFO | Starting KPI-5 calculation.
2026-03-31 19:00:34,085 | INFO | KPI-5 is successfully created.
2026-03-31 19:00:34,086 | INFO | Starting KPI-6 calculation.
2026-03-31 19:00:34,339 | INFO | KPI-6 is successfully created.
2026-03-31 19:00:34,341 | INFO | Starting KPI-7 calculation.
2026-03-31 19:00:34,586 | INFO | KPI-7 is successfully created.
2026-03-31 19:00:34,587 | INFO | All KPIs have been calculated and stored in the database.
2026-03-31 19:00:34,587 | INFO | Pipeline execution completed.
2026-03-31 19:00:34,587 | INFO | cleaned data rows count: 29
2026-03-31 19:00:34,587 | INFO | error data rows count: 0
2026-03-31 19:00:34,587 | INFO | Total rows generated by API : 29
2026-03-31 19:00:34,588 | INFO | ETL pipeline execution completed successfully.
2026-03-31 19:00:34,588 | INFO | ******************************************** END ********************************************
