2026-03-31 16:44:01,801 | INFO | Config File has changed. date: 2026-03-31 16:44:01
2026-03-31 16:44:01,801 | INFO | Pipelie Run By : Akshaya
2026-03-31 16:44:01,801 | INFO | Project Name : Currency_Exchange_Rate_Pipeline
2026-03-31 16:44:01,802 | INFO | Time : 2026-03-31 16:44:01.802023
2026-03-31 16:44:01,802 | INFO | --------------------------------------------------------------------------------------------------------------------------
2026-03-31 16:44:01,802 | INFO | Config file has changed. Running the ETL pipeline.
2026-03-31 16:44:01,802 | INFO | Starting the ETL pipeline and the trigger: manual.
2026-03-31 16:44:02,346 | INFO | url used to fetch the API is : https://api.frankfurter.dev/v1/2002-02-01..2002-04-01?base=USD
2026-03-31 16:44:02,361 | INFO | Data saved successfully to new_raw_data.json
2026-03-31 16:44:17,439 | INFO | Raw data loaded successfully from the file new_raw_data.json.
2026-03-31 16:44:17,445 | INFO | 2002-02-01.json is saved to Historic_raw_data folder and the currencies got are 28.
2026-03-31 16:44:17,446 | INFO | 2002-02-04.json is saved to Historic_raw_data folder and the currencies got are 28.
2026-03-31 16:44:17,447 | INFO | 2002-02-05.json is saved to Historic_raw_data folder and the currencies got are 28.
2026-03-31 16:44:17,448 | INFO | 2002-02-06.json is saved to Historic_raw_data folder and the currencies got are 28.
2026-03-31 16:44:17,449 | INFO | 2002-02-07.json is saved to Historic_raw_data folder and the currencies got are 28.
2026-03-31 16:44:17,450 | INFO | 2002-02-08.json is saved to Historic_raw_data folder and the currencies got are 28.
2026-03-31 16:44:17,451 | INFO | 2002-02-11.json is saved to Historic_raw_data folder and the currencies got are 28.
2026-03-31 16:44:17,452 | INFO | 2002-02-12.json is saved to Historic_raw_data folder and the currencies got are 28.
2026-03-31 16:44:17,453 | INFO | 2002-02-13.json is saved to Historic_raw_data folder and the currencies got are 28.
2026-03-31 16:44:17,453 | INFO | 2002-02-14.json is saved to Historic_raw_data folder and the currencies got are 28.
2026-03-31 16:44:17,454 | INFO | 2002-02-15.json is saved to Historic_raw_data folder and the currencies got are 28.
2026-03-31 16:44:17,456 | INFO | 2002-02-18.json is saved to Historic_raw_data folder and the currencies got are 28.
2026-03-31 16:44:17,456 | INFO | 2002-02-19.json is saved to Historic_raw_data folder and the currencies got are 28.
2026-03-31 16:44:17,457 | INFO | 2002-02-20.json is saved to Historic_raw_data folder and the currencies got are 28.
2026-03-31 16:44:17,458 | INFO | 2002-02-21.json is saved to Historic_raw_data folder and the currencies got are 28.
2026-03-31 16:44:17,458 | INFO | 2002-02-22.json is saved to Historic_raw_data folder and the currencies got are 28.
2026-03-31 16:44:17,460 | INFO | 2002-02-25.json is saved to Historic_raw_data folder and the currencies got are 28.
2026-03-31 16:44:17,462 | INFO | 2002-02-26.json is saved to Historic_raw_data folder and the currencies got are 28.
2026-03-31 16:44:17,463 | INFO | 2002-02-27.json is saved to Historic_raw_data folder and the currencies got are 28.
2026-03-31 16:44:17,464 | INFO | 2002-02-28.json is saved to Historic_raw_data folder and the currencies got are 28.
2026-03-31 16:44:17,465 | INFO | 2002-03-01.json is saved to Historic_raw_data folder and the currencies got are 28.
2026-03-31 16:44:17,465 | INFO | 2002-03-04.json is saved to Historic_raw_data folder and the currencies got are 28.
2026-03-31 16:44:17,466 | INFO | 2002-03-05.json is saved to Historic_raw_data folder and the currencies got are 28.
2026-03-31 16:44:17,468 | INFO | 2002-03-06.json is saved to Historic_raw_data folder and the currencies got are 28.
2026-03-31 16:44:17,469 | INFO | 2002-03-07.json is saved to Historic_raw_data folder and the currencies got are 28.
2026-03-31 16:44:17,470 | INFO | 2002-03-08.json is saved to Historic_raw_data folder and the currencies got are 28.
2026-03-31 16:44:17,471 | INFO | 2002-03-11.json is saved to Historic_raw_data folder and the currencies got are 28.
2026-03-31 16:44:17,471 | INFO | 2002-03-12.json is saved to Historic_raw_data folder and the currencies got are 28.
2026-03-31 16:44:17,472 | INFO | 2002-03-13.json is saved to Historic_raw_data folder and the currencies got are 28.
2026-03-31 16:44:17,473 | INFO | 2002-03-14.json is saved to Historic_raw_data folder and the currencies got are 28.
2026-03-31 16:44:17,474 | INFO | 2002-03-15.json is saved to Historic_raw_data folder and the currencies got are 28.
2026-03-31 16:44:17,474 | INFO | 2002-03-18.json is saved to Historic_raw_data folder and the currencies got are 28.
2026-03-31 16:44:17,475 | INFO | 2002-03-19.json is saved to Historic_raw_data folder and the currencies got are 28.
2026-03-31 16:44:17,475 | INFO | 2002-03-20.json is saved to Historic_raw_data folder and the currencies got are 28.
2026-03-31 16:44:17,476 | INFO | 2002-03-21.json is saved to Historic_raw_data folder and the currencies got are 28.
2026-03-31 16:44:17,476 | INFO | 2002-03-22.json is saved to Historic_raw_data folder and the currencies got are 28.
2026-03-31 16:44:17,476 | INFO | 2002-03-25.json is saved to Historic_raw_data folder and the currencies got are 28.
2026-03-31 16:44:17,477 | INFO | 2002-03-26.json is saved to Historic_raw_data folder and the currencies got are 28.
2026-03-31 16:44:17,477 | INFO | 2002-03-27.json is saved to Historic_raw_data folder and the currencies got are 28.
2026-03-31 16:44:17,478 | INFO | 2002-03-28.json is saved to Historic_raw_data folder and the currencies got are 28.
2026-03-31 16:44:17,492 | INFO | Data flattened successfully for date: 2002-02-01
2026-03-31 16:44:17,497 | INFO | Flattened data saved to 2002-02-01.csv in Silver/flattened_data folder.
2026-03-31 16:44:17,499 | INFO | Data flattened successfully for date: 2002-02-04
2026-03-31 16:44:17,500 | INFO | Flattened data saved to 2002-02-04.csv in Silver/flattened_data folder.
2026-03-31 16:44:17,502 | INFO | Data flattened successfully for date: 2002-02-05
2026-03-31 16:44:17,504 | INFO | Flattened data saved to 2002-02-05.csv in Silver/flattened_data folder.
2026-03-31 16:44:17,505 | INFO | Data flattened successfully for date: 2002-02-06
2026-03-31 16:44:17,507 | INFO | Flattened data saved to 2002-02-06.csv in Silver/flattened_data folder.
2026-03-31 16:44:17,508 | INFO | Data flattened successfully for date: 2002-02-07
2026-03-31 16:44:17,509 | INFO | Flattened data saved to 2002-02-07.csv in Silver/flattened_data folder.
2026-03-31 16:44:17,511 | INFO | Data flattened successfully for date: 2002-02-08
2026-03-31 16:44:17,512 | INFO | Flattened data saved to 2002-02-08.csv in Silver/flattened_data folder.
2026-03-31 16:44:17,514 | INFO | Data flattened successfully for date: 2002-02-11
2026-03-31 16:44:17,515 | INFO | Flattened data saved to 2002-02-11.csv in Silver/flattened_data folder.
2026-03-31 16:44:17,516 | INFO | Data flattened successfully for date: 2002-02-12
2026-03-31 16:44:17,517 | INFO | Flattened data saved to 2002-02-12.csv in Silver/flattened_data folder.
2026-03-31 16:44:17,519 | INFO | Data flattened successfully for date: 2002-02-13
2026-03-31 16:44:17,520 | INFO | Flattened data saved to 2002-02-13.csv in Silver/flattened_data folder.
2026-03-31 16:44:17,522 | INFO | Data flattened successfully for date: 2002-02-14
2026-03-31 16:44:17,523 | INFO | Flattened data saved to 2002-02-14.csv in Silver/flattened_data folder.
2026-03-31 16:44:17,525 | INFO | Data flattened successfully for date: 2002-02-15
2026-03-31 16:44:17,526 | INFO | Flattened data saved to 2002-02-15.csv in Silver/flattened_data folder.
2026-03-31 16:44:17,528 | INFO | Data flattened successfully for date: 2002-02-18
2026-03-31 16:44:17,529 | INFO | Flattened data saved to 2002-02-18.csv in Silver/flattened_data folder.
2026-03-31 16:44:17,531 | INFO | Data flattened successfully for date: 2002-02-19
2026-03-31 16:44:17,533 | INFO | Flattened data saved to 2002-02-19.csv in Silver/flattened_data folder.
2026-03-31 16:44:17,534 | INFO | Data flattened successfully for date: 2002-02-20
2026-03-31 16:44:17,535 | INFO | Flattened data saved to 2002-02-20.csv in Silver/flattened_data folder.
2026-03-31 16:44:17,537 | INFO | Data flattened successfully for date: 2002-02-21
2026-03-31 16:44:17,540 | INFO | Flattened data saved to 2002-02-21.csv in Silver/flattened_data folder.
2026-03-31 16:44:17,542 | INFO | Data flattened successfully for date: 2002-02-22
2026-03-31 16:44:17,543 | INFO | Flattened data saved to 2002-02-22.csv in Silver/flattened_data folder.
2026-03-31 16:44:17,546 | INFO | Data flattened successfully for date: 2002-02-25
2026-03-31 16:44:17,547 | INFO | Flattened data saved to 2002-02-25.csv in Silver/flattened_data folder.
2026-03-31 16:44:17,550 | INFO | Data flattened successfully for date: 2002-02-26
2026-03-31 16:44:17,551 | INFO | Flattened data saved to 2002-02-26.csv in Silver/flattened_data folder.
2026-03-31 16:44:17,553 | INFO | Data flattened successfully for date: 2002-02-27
2026-03-31 16:44:17,554 | INFO | Flattened data saved to 2002-02-27.csv in Silver/flattened_data folder.
2026-03-31 16:44:17,556 | INFO | Data flattened successfully for date: 2002-02-28
2026-03-31 16:44:17,557 | INFO | Flattened data saved to 2002-02-28.csv in Silver/flattened_data folder.
2026-03-31 16:44:17,559 | INFO | Data flattened successfully for date: 2002-03-01
2026-03-31 16:44:17,560 | INFO | Flattened data saved to 2002-03-01.csv in Silver/flattened_data folder.
2026-03-31 16:44:17,562 | INFO | Data flattened successfully for date: 2002-03-04
2026-03-31 16:44:17,563 | INFO | Flattened data saved to 2002-03-04.csv in Silver/flattened_data folder.
2026-03-31 16:44:17,565 | INFO | Data flattened successfully for date: 2002-03-05
2026-03-31 16:44:17,566 | INFO | Flattened data saved to 2002-03-05.csv in Silver/flattened_data folder.
2026-03-31 16:44:17,568 | INFO | Data flattened successfully for date: 2002-03-06
2026-03-31 16:44:17,569 | INFO | Flattened data saved to 2002-03-06.csv in Silver/flattened_data folder.
2026-03-31 16:44:17,571 | INFO | Data flattened successfully for date: 2002-03-07
2026-03-31 16:44:17,572 | INFO | Flattened data saved to 2002-03-07.csv in Silver/flattened_data folder.
2026-03-31 16:44:17,574 | INFO | Data flattened successfully for date: 2002-03-08
2026-03-31 16:44:17,575 | INFO | Flattened data saved to 2002-03-08.csv in Silver/flattened_data folder.
2026-03-31 16:44:17,576 | INFO | Data flattened successfully for date: 2002-03-11
2026-03-31 16:44:17,577 | INFO | Flattened data saved to 2002-03-11.csv in Silver/flattened_data folder.
2026-03-31 16:44:17,579 | INFO | Data flattened successfully for date: 2002-03-12
2026-03-31 16:44:17,579 | INFO | Flattened data saved to 2002-03-12.csv in Silver/flattened_data folder.
2026-03-31 16:44:17,581 | INFO | Data flattened successfully for date: 2002-03-13
2026-03-31 16:44:17,582 | INFO | Flattened data saved to 2002-03-13.csv in Silver/flattened_data folder.
2026-03-31 16:44:17,583 | INFO | Data flattened successfully for date: 2002-03-14
2026-03-31 16:44:17,584 | INFO | Flattened data saved to 2002-03-14.csv in Silver/flattened_data folder.
2026-03-31 16:44:17,586 | INFO | Data flattened successfully for date: 2002-03-15
2026-03-31 16:44:17,587 | INFO | Flattened data saved to 2002-03-15.csv in Silver/flattened_data folder.
2026-03-31 16:44:17,588 | INFO | Data flattened successfully for date: 2002-03-18
2026-03-31 16:44:17,591 | INFO | Flattened data saved to 2002-03-18.csv in Silver/flattened_data folder.
2026-03-31 16:44:17,593 | INFO | Data flattened successfully for date: 2002-03-19
2026-03-31 16:44:17,594 | INFO | Flattened data saved to 2002-03-19.csv in Silver/flattened_data folder.
2026-03-31 16:44:17,596 | INFO | Data flattened successfully for date: 2002-03-20
2026-03-31 16:44:17,597 | INFO | Flattened data saved to 2002-03-20.csv in Silver/flattened_data folder.
2026-03-31 16:44:17,598 | INFO | Data flattened successfully for date: 2002-03-21
2026-03-31 16:44:17,599 | INFO | Flattened data saved to 2002-03-21.csv in Silver/flattened_data folder.
2026-03-31 16:44:17,601 | INFO | Data flattened successfully for date: 2002-03-22
2026-03-31 16:44:17,603 | INFO | Flattened data saved to 2002-03-22.csv in Silver/flattened_data folder.
2026-03-31 16:44:17,604 | INFO | Data flattened successfully for date: 2002-03-25
2026-03-31 16:44:17,605 | INFO | Flattened data saved to 2002-03-25.csv in Silver/flattened_data folder.
2026-03-31 16:44:17,607 | INFO | Data flattened successfully for date: 2002-03-26
2026-03-31 16:44:17,608 | INFO | Flattened data saved to 2002-03-26.csv in Silver/flattened_data folder.
2026-03-31 16:44:17,610 | INFO | Data flattened successfully for date: 2002-03-27
2026-03-31 16:44:17,611 | INFO | Flattened data saved to 2002-03-27.csv in Silver/flattened_data folder.
2026-03-31 16:44:17,613 | INFO | Data flattened successfully for date: 2002-03-28
2026-03-31 16:44:17,614 | INFO | Flattened data saved to 2002-03-28.csv in Silver/flattened_data folder.
2026-03-31 16:44:17,811 | INFO | cleaned data is saved to clean_data_2026-03-31_16-44-17.csv in Silver.
2026-03-31 16:44:17,811 | INFO | No error data found after applying the rules.
2026-03-31 16:44:17,935 | INFO | Using ELT_PROJECT Database.
2026-03-31 16:44:17,943 | INFO | currency_exchange_rate table created successfully and got committed.
2026-03-31 16:44:18,132 | INFO | Rows got successfully inserted into currency_exchange_rate.
2026-03-31 16:44:18,133 | INFO | Starting KPI calculations.
2026-03-31 16:44:18,133 | INFO | Starting KPI-1 calculation.
2026-03-31 16:44:18,563 | INFO | KPI-1 is successfully created.
2026-03-31 16:44:18,564 | INFO | Starting KPI-2 calculation.
2026-03-31 16:44:18,904 | INFO | KPI-2 is successfully created.
2026-03-31 16:44:18,905 | INFO | Starting KPI-3 calculation.
2026-03-31 16:44:19,120 | INFO | KPI-3 is successfully created.
2026-03-31 16:44:19,120 | INFO | Starting KPI-4 calculation.
2026-03-31 16:44:19,230 | INFO | KPI-4 is successfully created.
2026-03-31 16:44:19,231 | INFO | Starting KPI-5 calculation.
2026-03-31 16:44:19,314 | INFO | KPI-5 is successfully created.
2026-03-31 16:44:19,315 | INFO | Starting KPI-6 calculation.
2026-03-31 16:44:19,493 | INFO | KPI-6 is successfully created.
2026-03-31 16:44:19,493 | INFO | Starting KPI-7 calculation.
2026-03-31 16:44:19,664 | INFO | KPI-7 is successfully created.
2026-03-31 16:44:19,665 | INFO | All KPIs have been calculated and stored in the database.
2026-03-31 16:44:19,665 | INFO | Pipeline execution completed.
2026-03-31 16:44:19,667 | INFO | Hash updated successfully.
2026-03-31 16:44:19,667 | INFO | cleaned data rows count: 1120
2026-03-31 16:44:19,667 | INFO | error data rows count: 0
2026-03-31 16:44:19,667 | INFO | Total rows generated by API : 1120
2026-03-31 16:44:19,667 | INFO | ETL pipeline execution completed successfully.
2026-03-31 16:44:19,667 | INFO | ******************************************** END ********************************************
