2026-04-08 19:00:02,067 | INFO | Pipelie Run By : Akshaya
2026-04-08 19:00:02,067 | INFO | Project Name : Currency_Exchange_Rate_Pipeline
2026-04-08 19:00:02,068 | INFO | Time : 2026-04-08 19:00:02.068001
2026-04-08 19:00:02,068 | INFO | --------------------------------------------------------------------------------------------------------------------------
2026-04-08 19:00:02,068 | INFO | Scheduled trigger activated at 2026-04-08. Running the ETL pipeline.
2026-04-08 19:00:02,068 | INFO | Starting the ETL pipeline and the trigger: schedule.
2026-04-08 19:00:02,725 | INFO | url used to fetch the API is : https://api.frankfurter.dev/v1/2026-04-08..?base=USD
2026-04-08 19:00:02,730 | INFO | Data saved successfully to new_raw_data.json
2026-04-08 19:00:02,735 | INFO | Raw data loaded successfully from the file new_raw_data.json.
2026-04-08 19:00:02,739 | INFO | 2026-04-07.json is saved to Historic_raw_data folder and the currencies got are 29.
2026-04-08 19:00:02,756 | INFO | Data flattened successfully for date: 2026-04-07
2026-04-08 19:00:02,765 | INFO | Flattened data saved to 2026-04-07.csv in Silver/flattened_data folder.
2026-04-08 19:00:02,780 | INFO | cleaned data is saved to clean_data_2026-04-08_19-00-02.csv in Silver.
2026-04-08 19:00:02,780 | INFO | No error data found after applying the rules.
2026-04-08 19:00:02,840 | INFO | Using ELT_PROJECT Database.
2026-04-08 19:00:02,846 | INFO | currency_exchange_rate table created successfully and got committed.
2026-04-08 19:00:02,864 | INFO | Rows got successfully inserted into currency_exchange_rate.
2026-04-08 19:00:02,865 | INFO | Starting KPI calculations.
2026-04-08 19:00:02,865 | INFO | Starting KPI-1 calculation.
2026-04-08 19:00:03,354 | INFO | KPI-1 is successfully created.
2026-04-08 19:00:03,354 | INFO | Starting KPI-2 calculation.
2026-04-08 19:00:03,746 | INFO | KPI-2 is successfully created.
2026-04-08 19:00:03,754 | INFO | Starting KPI-3 calculation.
2026-04-08 19:00:04,009 | INFO | KPI-3 is successfully created.
2026-04-08 19:00:04,009 | INFO | Starting KPI-4 calculation.
2026-04-08 19:00:04,118 | INFO | KPI-4 is successfully created.
2026-04-08 19:00:04,118 | INFO | Starting KPI-5 calculation.
2026-04-08 19:00:04,235 | INFO | KPI-5 is successfully created.
2026-04-08 19:00:04,236 | INFO | Starting KPI-6 calculation.
2026-04-08 19:00:04,425 | INFO | KPI-6 is successfully created.
2026-04-08 19:00:04,426 | INFO | Starting KPI-7 calculation.
2026-04-08 19:00:04,594 | INFO | KPI-7 is successfully created.
2026-04-08 19:00:04,595 | INFO | All KPIs have been calculated and stored in the database.
2026-04-08 19:00:04,595 | INFO | Pipeline execution completed.
2026-04-08 19:00:04,595 | INFO | cleaned data rows count: 29
2026-04-08 19:00:04,595 | INFO | error data rows count: 0
2026-04-08 19:00:04,595 | INFO | Total rows generated by API : 29
2026-04-08 19:00:04,596 | INFO | ETL pipeline execution completed successfully.
2026-04-08 19:00:04,596 | INFO | ******************************************** END ********************************************
