Pipelie Run By : Akshaya
Project Name : Currency_Exchange_Rate_Pipeline
Time : 2026-03-30 19:31:02.758026
--------------------------------------------------------------------------------------------------------------------------
2026-03-30 19:31:02,758 | INFO | Manual trigger activated at 2026-03-30. Running the ETL pipeline.
2026-03-30 19:31:02,758 | INFO | Starting the ETL pipeline and the trigger: manual.
2026-03-30 19:31:03,140 | INFO | url used to fetch the API is : https://api.frankfurter.dev/v1/2026-03-10..2026-03-10?base=USD
2026-03-30 19:31:03,140 | INFO | Data saved successfully to new_raw_data.json
2026-03-30 19:31:18,142 | INFO | Raw data loaded successfully from the file new_raw_data.json.
2026-03-30 19:31:18,145 | INFO | 2026-03-10.json is saved to Historic_raw_data folder and the currencies got are 29.
2026-03-30 19:31:18,154 | INFO | Data flattened successfully for date: 2026-03-10
2026-03-30 19:31:18,158 | INFO | Flattened data saved to 2026-03-10.csv in Silver/flattened_data folder.
2026-03-30 19:31:18,161 | INFO | Length of currency is not 3.
2026-03-30 19:31:18,161 | INFO | Length of currency is not 3.
2026-03-30 19:31:18,166 | INFO | cleaned data is saved to clean_data_2026-03-30_19-31-18.csv in Silver.
2026-03-30 19:31:18,166 | INFO | error data is saved to error_data_2026-03-30_19-31-18.csv in Silver.
2026-03-30 19:31:18,215 | INFO | Using ELT_PROJECT Database.
2026-03-30 19:31:18,217 | INFO | currency_exchange_rate table created successfully and got committed.
2026-03-30 19:31:18,225 | INFO | Rows got successfully inserted into currency_exchange_rate.
2026-03-30 19:31:18,227 | INFO | Starting KPI calculations.
2026-03-30 19:31:18,227 | INFO | Starting KPI-1 calculation.
2026-03-30 19:31:18,693 | INFO | KPI-1 is successfully created.
2026-03-30 19:31:18,694 | INFO | Starting KPI-2 calculation.
2026-03-30 19:31:19,038 | INFO | KPI-2 is successfully created.
2026-03-30 19:31:19,040 | INFO | Starting KPI-3 calculation.
2026-03-30 19:31:19,253 | INFO | KPI-3 is successfully created.
2026-03-30 19:31:19,253 | INFO | Starting KPI-4 calculation.
2026-03-30 19:31:19,359 | INFO | KPI-4 is successfully created.
2026-03-30 19:31:19,360 | INFO | Starting KPI-5 calculation.
2026-03-30 19:31:19,441 | INFO | KPI-5 is successfully created.
2026-03-30 19:31:19,442 | INFO | Starting KPI-6 calculation.
2026-03-30 19:31:19,622 | INFO | KPI-6 is successfully created.
2026-03-30 19:31:19,622 | INFO | Starting KPI-7 calculation.
2026-03-30 19:31:19,787 | INFO | KPI-7 is successfully created.
2026-03-30 19:31:19,788 | INFO | All KPIs have been calculated and stored in the database.
2026-03-30 19:31:19,788 | INFO | Pipeline execution completed.
cleaned data rows count: 27
error data rows count: 2
Total rows generated by API : 29
ETL pipeline execution completed successfully.
******************************************** END ********************************************
