2026-03-30 16:13:25,366 | INFO | Manual trigger activated at 2026-03-30. Running the ETL pipeline.
2026-03-30 16:13:25,367 | INFO | Starting the ETL pipeline and the trigger: manual.
2026-03-30 16:13:25,872 | INFO | url used to fetch the API is : https://api.frankfurter.dev/v1/2026-03-27..2026-03-27?base=USD
2026-03-30 16:13:25,874 | INFO | Data saved successfully to new_raw_data.json
2026-03-30 16:13:25,875 | INFO | Raw data loaded successfully from the file new_raw_data.json.
2026-03-30 16:13:25,875 | INFO | 2026-03-27.json is saved to Historic_raw_data folder and the currencies got are 29.
2026-03-30 16:13:25,882 | INFO | Data flattened successfully for date: 2026-03-27
2026-03-30 16:13:25,884 | INFO | Flattened data saved to 2026-03-27.csv in Silver/flattened_data folder.
2026-03-30 16:13:25,889 | INFO | cleaned data is saved to clean_data_2026-03-30_16-13-25.csv in Silver. The number of rows in clean data are 29.
2026-03-30 16:13:25,889 | INFO | No error data found after applying the rules.
2026-03-30 16:13:25,923 | INFO | Using ELT_PROJECT Database.
2026-03-30 16:13:25,930 | INFO | currency_exchange_rate table created successfully and got committed.
2026-03-30 16:13:25,945 | INFO | Rows got successfully inserted into currency_exchange_rate and the rows got inserted are 29.
2026-03-30 16:13:25,946 | INFO | Starting KPI calculations.
2026-03-30 16:13:25,946 | INFO | Starting KPI-1 calculation.
2026-03-30 16:13:26,417 | INFO | KPI-1 is successfully created.
2026-03-30 16:13:26,419 | INFO | Starting KPI-2 calculation.
2026-03-30 16:13:26,766 | INFO | KPI-2 is successfully created.
2026-03-30 16:13:26,767 | INFO | Starting KPI-3 calculation.
2026-03-30 16:13:26,980 | INFO | KPI-3 is successfully created.
2026-03-30 16:13:26,981 | INFO | Starting KPI-4 calculation.
2026-03-30 16:13:27,103 | INFO | KPI-4 is successfully created.
2026-03-30 16:13:27,104 | INFO | Starting KPI-5 calculation.
2026-03-30 16:13:27,183 | INFO | KPI-5 is successfully created.
2026-03-30 16:13:27,183 | INFO | Starting KPI-6 calculation.
2026-03-30 16:13:27,361 | INFO | KPI-6 is successfully created.
2026-03-30 16:13:27,361 | INFO | Starting KPI-7 calculation.
2026-03-30 16:13:27,522 | INFO | KPI-7 is successfully created.
2026-03-30 16:13:27,522 | INFO | All KPIs have been calculated and stored in the database.
2026-03-30 16:13:27,522 | INFO | Pipeline execution completed.
2026-03-30 16:13:27,522 | INFO | ETL pipeline execution completed successfully.
