2026-03-30 15:49:34,151 | INFO | Manual trigger activated at 2026-03-30. Running the ETL pipeline.
2026-03-30 15:49:34,151 | INFO | Starting the ETL pipeline and the trigger: manual.
2026-03-30 15:49:34,756 | INFO | url used to fetch the API is : https://api.frankfurter.dev/v1/2026-03-27..2026-03-27?base=USD
2026-03-30 15:49:34,759 | INFO | Data saved successfully to new_raw_data.json
2026-03-30 15:49:34,762 | INFO | Raw data loaded successfully from the file new_raw_data.json.
2026-03-30 15:49:34,764 | INFO | 2026-03-27.json is saved to Historic_raw_data folder and the currencies got are 29.
2026-03-30 15:49:34,776 | INFO | Data flattened successfully for date: 2026-03-27
2026-03-30 15:49:34,780 | INFO | Flattened data saved to 2026-03-27.csv in Silver/flattened_data folder.
2026-03-30 15:49:34,787 | INFO | cleaned data is saved to clean_data_2026-03-30_15-49-34.csv in Silver. The number of rows in clean data are 29.
2026-03-30 15:49:34,787 | INFO | No error data found after applying the rules.
2026-03-30 15:49:34,826 | INFO | Using ELT_PROJECT Database.
2026-03-30 15:49:34,828 | INFO | currency_exchange_rate table created successfully and got committed.
2026-03-30 15:49:34,844 | INFO | Rows got successfully inserted into currency_exchange_rate and the rows got inserted are 29.
2026-03-30 15:49:34,845 | INFO | Starting KPI calculations.
2026-03-30 15:49:34,845 | INFO | Starting KPI-1 calculation.
2026-03-30 15:49:35,328 | INFO | KPI-1 is successfully created.
2026-03-30 15:49:35,328 | INFO | Starting KPI-2 calculation.
2026-03-30 15:49:35,671 | INFO | KPI-2 is successfully created.
2026-03-30 15:49:35,671 | INFO | Starting KPI-3 calculation.
2026-03-30 15:49:35,879 | INFO | KPI-3 is successfully created.
2026-03-30 15:49:35,880 | INFO | Starting KPI-4 calculation.
2026-03-30 15:49:35,984 | INFO | KPI-4 is successfully created.
2026-03-30 15:49:35,985 | INFO | Starting KPI-5 calculation.
2026-03-30 15:49:36,090 | INFO | KPI-5 is successfully created.
2026-03-30 15:49:36,091 | INFO | Starting KPI-6 calculation.
2026-03-30 15:49:36,306 | INFO | KPI-6 is successfully created.
2026-03-30 15:49:36,306 | INFO | Starting KPI-7 calculation.
2026-03-30 15:49:36,475 | INFO | KPI-7 is successfully created.
2026-03-30 15:49:36,475 | INFO | All KPIs have been calculated and stored in the database.
2026-03-30 15:49:36,475 | INFO | Pipeline execution completed.
2026-03-30 15:49:36,475 | INFO | ETL pipeline execution completed successfully.
