2026-03-30 17:02:05,896 | INFO | Scheduled trigger activated at 2026-03-30. Running the ETL pipeline.
2026-03-30 17:02:05,896 | INFO | Starting the ETL pipeline and the trigger: schedule.
2026-03-30 17:02:06,406 | INFO | url used to fetch the API is : https://api.frankfurter.dev/v1/2026-03-30..?base=USD
2026-03-30 17:02:06,407 | INFO | Data saved successfully to new_raw_data.json
2026-03-30 17:02:06,408 | INFO | Raw data loaded successfully from the file new_raw_data.json.
2026-03-30 17:02:06,409 | INFO | 2026-03-27.json is saved to Historic_raw_data folder and the currencies got are 29.
2026-03-30 17:02:06,415 | INFO | Data flattened successfully for date: 2026-03-27
2026-03-30 17:02:06,418 | INFO | Flattened data saved to 2026-03-27.csv in Silver/flattened_data folder.
2026-03-30 17:02:06,422 | INFO | cleaned data is saved to clean_data_2026-03-30_17-02-06.csv in Silver. The number of rows in clean data are 29.
2026-03-30 17:02:06,422 | INFO | No error data found after applying the rules.
2026-03-30 17:02:06,455 | INFO | Using ELT_PROJECT Database.
2026-03-30 17:02:06,457 | INFO | currency_exchange_rate table created successfully and got committed.
2026-03-30 17:02:06,465 | INFO | Rows got successfully inserted into currency_exchange_rate and the rows got inserted are 29.
2026-03-30 17:02:06,465 | INFO | Starting KPI calculations.
2026-03-30 17:02:06,465 | INFO | Starting KPI-1 calculation.
2026-03-30 17:02:06,923 | INFO | KPI-1 is successfully created.
2026-03-30 17:02:06,924 | INFO | Starting KPI-2 calculation.
2026-03-30 17:02:07,256 | INFO | KPI-2 is successfully created.
2026-03-30 17:02:07,259 | INFO | Starting KPI-3 calculation.
2026-03-30 17:02:07,467 | INFO | KPI-3 is successfully created.
2026-03-30 17:02:07,468 | INFO | Starting KPI-4 calculation.
2026-03-30 17:02:07,573 | INFO | KPI-4 is successfully created.
2026-03-30 17:02:07,574 | INFO | Starting KPI-5 calculation.
2026-03-30 17:02:07,654 | INFO | KPI-5 is successfully created.
2026-03-30 17:02:07,655 | INFO | Starting KPI-6 calculation.
2026-03-30 17:02:07,828 | INFO | KPI-6 is successfully created.
2026-03-30 17:02:07,829 | INFO | Starting KPI-7 calculation.
2026-03-30 17:02:07,989 | INFO | KPI-7 is successfully created.
2026-03-30 17:02:07,990 | INFO | All KPIs have been calculated and stored in the database.
2026-03-30 17:02:07,990 | INFO | Pipeline execution completed.
2026-03-30 17:02:07,990 | INFO | ETL pipeline execution completed successfully.
