2026-03-30 19:00:02,155 | INFO | Pipelie Run By : Akshaya
2026-03-30 19:00:02,155 | INFO | Project Name : Currency_Exchange_Rate_Pipeline
2026-03-30 19:00:02,155 | INFO | Time : 2026-03-30 19:00:02.155316
2026-03-30 19:00:02,155 | INFO | --------------------------------------------------------------------------------------------------------------------------
2026-03-30 19:00:02,155 | INFO | Scheduled trigger activated at 2026-03-30. Running the ETL pipeline.
2026-03-30 19:00:02,155 | INFO | Starting the ETL pipeline and the trigger: schedule.
2026-03-30 19:00:02,155 | INFO | No config changes. Skipping run. time: 2026-03-30 19:00:02.155757
2026-03-30 19:00:02,881 | INFO | url used to fetch the API is : https://api.frankfurter.dev/v1/2026-03-30..?base=USD
2026-03-30 19:00:02,883 | INFO | Data saved successfully to new_raw_data.json
2026-03-30 19:00:02,888 | INFO | Raw data loaded successfully from the file new_raw_data.json.
2026-03-30 19:00:02,891 | INFO | 2026-03-27.json is saved to Historic_raw_data folder and the currencies got are 29.
2026-03-30 19:00:02,906 | INFO | Data flattened successfully for date: 2026-03-27
2026-03-30 19:00:02,919 | INFO | Flattened data saved to 2026-03-27.csv in Silver/flattened_data folder.
2026-03-30 19:00:02,931 | INFO | cleaned data is saved to clean_data_2026-03-30_19-00-02.csv in Silver.
2026-03-30 19:00:02,931 | INFO | No error data found after applying the rules.
2026-03-30 19:00:02,999 | INFO | Using ELT_PROJECT Database.
2026-03-30 19:00:03,004 | INFO | currency_exchange_rate table created successfully and got committed.
2026-03-30 19:00:03,019 | INFO | Rows got successfully inserted into currency_exchange_rate.
2026-03-30 19:00:03,021 | INFO | Starting KPI calculations.
2026-03-30 19:00:03,021 | INFO | Starting KPI-1 calculation.
2026-03-30 19:00:03,517 | INFO | KPI-1 is successfully created.
2026-03-30 19:00:03,518 | INFO | Starting KPI-2 calculation.
2026-03-30 19:00:03,858 | INFO | KPI-2 is successfully created.
2026-03-30 19:00:03,859 | INFO | Starting KPI-3 calculation.
2026-03-30 19:00:04,075 | INFO | KPI-3 is successfully created.
2026-03-30 19:00:04,076 | INFO | Starting KPI-4 calculation.
2026-03-30 19:00:04,185 | INFO | KPI-4 is successfully created.
2026-03-30 19:00:04,185 | INFO | Starting KPI-5 calculation.
2026-03-30 19:00:04,272 | INFO | KPI-5 is successfully created.
2026-03-30 19:00:04,273 | INFO | Starting KPI-6 calculation.
2026-03-30 19:00:04,467 | INFO | KPI-6 is successfully created.
2026-03-30 19:00:04,468 | INFO | Starting KPI-7 calculation.
2026-03-30 19:00:04,638 | INFO | KPI-7 is successfully created.
2026-03-30 19:00:04,639 | INFO | All KPIs have been calculated and stored in the database.
2026-03-30 19:00:04,639 | INFO | Pipeline execution completed.
2026-03-30 19:00:04,640 | INFO | cleaned data rows count: 29
2026-03-30 19:00:04,640 | INFO | error data rows count: 0
2026-03-30 19:00:04,640 | INFO | Total rows generated by API : 29
2026-03-30 19:00:04,640 | INFO | ETL pipeline execution completed successfully.
2026-03-30 19:00:04,640 | INFO | ******************************************** END ********************************************
