2026-03-30 17:01:21,554 | INFO | Scheduled trigger activated at 2026-03-30. Running the ETL pipeline.
2026-03-30 17:01:21,554 | INFO | Starting the ETL pipeline and the trigger: schedule.
2026-03-30 17:01:22,068 | INFO | url used to fetch the API is : https://api.frankfurter.dev/v1/2026-03-29..?base=USD
2026-03-30 17:01:22,069 | INFO | Data saved successfully to new_raw_data.json
2026-03-30 17:01:22,070 | INFO | Raw data loaded successfully from the file new_raw_data.json.
2026-03-30 17:01:22,071 | INFO | 2026-03-27.json is saved to Historic_raw_data folder and the currencies got are 29.
2026-03-30 17:01:22,079 | INFO | Data flattened successfully for date: 2026-03-27
2026-03-30 17:01:22,082 | INFO | Flattened data saved to 2026-03-27.csv in Silver/flattened_data folder.
2026-03-30 17:01:22,088 | INFO | cleaned data is saved to clean_data_2026-03-30_17-01-22.csv in Silver. The number of rows in clean data are 29.
2026-03-30 17:01:22,088 | INFO | No error data found after applying the rules.
2026-03-30 17:01:22,120 | INFO | Using ELT_PROJECT Database.
2026-03-30 17:01:22,121 | INFO | currency_exchange_rate table created successfully and got committed.
2026-03-30 17:01:22,130 | INFO | Rows got successfully inserted into currency_exchange_rate and the rows got inserted are 29.
2026-03-30 17:01:22,130 | INFO | Starting KPI calculations.
2026-03-30 17:01:22,130 | INFO | Starting KPI-1 calculation.
2026-03-30 17:01:22,580 | INFO | KPI-1 is successfully created.
2026-03-30 17:01:22,582 | INFO | Starting KPI-2 calculation.
2026-03-30 17:01:22,918 | INFO | KPI-2 is successfully created.
2026-03-30 17:01:22,920 | INFO | Starting KPI-3 calculation.
2026-03-30 17:01:23,126 | INFO | KPI-3 is successfully created.
2026-03-30 17:01:23,128 | INFO | Starting KPI-4 calculation.
2026-03-30 17:01:23,233 | INFO | KPI-4 is successfully created.
2026-03-30 17:01:23,235 | INFO | Starting KPI-5 calculation.
2026-03-30 17:01:23,315 | INFO | KPI-5 is successfully created.
2026-03-30 17:01:23,316 | INFO | Starting KPI-6 calculation.
2026-03-30 17:01:23,490 | INFO | KPI-6 is successfully created.
2026-03-30 17:01:23,490 | INFO | Starting KPI-7 calculation.
2026-03-30 17:01:23,650 | INFO | KPI-7 is successfully created.
2026-03-30 17:01:23,650 | INFO | All KPIs have been calculated and stored in the database.
2026-03-30 17:01:23,650 | INFO | Pipeline execution completed.
2026-03-30 17:01:23,651 | INFO | ETL pipeline execution completed successfully.
