2026-03-30 15:49:47,353 | INFO | Manual trigger activated at 2026-03-30. Running the ETL pipeline.
2026-03-30 15:49:47,353 | INFO | Starting the ETL pipeline and the trigger: manual.
2026-03-30 15:49:47,756 | INFO | url used to fetch the API is : https://api.frankfurter.dev/v1/2026-03-27..2026-03-27?base=USD
2026-03-30 15:49:47,757 | INFO | Data saved successfully to new_raw_data.json
2026-03-30 15:49:47,757 | INFO | Raw data loaded successfully from the file new_raw_data.json.
2026-03-30 15:49:47,758 | INFO | 2026-03-27.json is saved to Historic_raw_data folder and the currencies got are 29.
2026-03-30 15:49:47,766 | INFO | Data flattened successfully for date: 2026-03-27
2026-03-30 15:49:47,769 | INFO | Flattened data saved to 2026-03-27.csv in Silver/flattened_data folder.
2026-03-30 15:49:47,774 | INFO | cleaned data is saved to clean_data_2026-03-30_15-49-47.csv in Silver. The number of rows in clean data are 29.
2026-03-30 15:49:47,774 | INFO | No error data found after applying the rules.
2026-03-30 15:49:47,820 | INFO | Using ELT_PROJECT Database.
2026-03-30 15:49:47,822 | INFO | currency_exchange_rate table created successfully and got committed.
2026-03-30 15:49:47,828 | INFO | Rows got successfully inserted into currency_exchange_rate and the rows got inserted are 29.
2026-03-30 15:49:47,829 | INFO | Starting KPI calculations.
2026-03-30 15:49:47,829 | INFO | Starting KPI-1 calculation.
2026-03-30 15:49:48,310 | INFO | KPI-1 is successfully created.
2026-03-30 15:49:48,311 | INFO | Starting KPI-2 calculation.
2026-03-30 15:49:48,657 | INFO | KPI-2 is successfully created.
2026-03-30 15:49:48,657 | INFO | Starting KPI-3 calculation.
2026-03-30 15:49:48,869 | INFO | KPI-3 is successfully created.
2026-03-30 15:49:48,870 | INFO | Starting KPI-4 calculation.
2026-03-30 15:49:48,981 | INFO | KPI-4 is successfully created.
2026-03-30 15:49:48,981 | INFO | Starting KPI-5 calculation.
2026-03-30 15:49:49,061 | INFO | KPI-5 is successfully created.
2026-03-30 15:49:49,062 | INFO | Starting KPI-6 calculation.
2026-03-30 15:49:49,261 | INFO | KPI-6 is successfully created.
2026-03-30 15:49:49,261 | INFO | Starting KPI-7 calculation.
2026-03-30 15:49:49,427 | INFO | KPI-7 is successfully created.
2026-03-30 15:49:49,428 | INFO | All KPIs have been calculated and stored in the database.
2026-03-30 15:49:49,428 | INFO | Pipeline execution completed.
2026-03-30 15:49:49,428 | INFO | ETL pipeline execution completed successfully.
