2026-03-30 17:36:37,115 | INFO | Pipelie Run By : Akshaya
2026-03-30 17:36:37,115 | INFO | Project Name : Currency_Exchange_Rate_Pipeline
2026-03-30 17:36:37,115 | INFO | Time : 2026-03-30 17:36:37.115963
2026-03-30 17:36:37,115 | INFO | --------------------------------------------------------------------------------------------------------------------------
2026-03-30 17:36:37,116 | INFO | Manual trigger activated at 2026-03-30. Running the ETL pipeline.
2026-03-30 17:36:37,116 | INFO | Starting the ETL pipeline and the trigger: manual.
2026-03-30 17:36:37,524 | INFO | url used to fetch the API is : https://api.frankfurter.dev/v1/2026-03-28..2026-03-27?base=USD
2026-03-30 17:36:37,524 | INFO | Data saved successfully to new_raw_data.json
2026-03-30 17:36:37,525 | INFO | Raw data loaded successfully from the file new_raw_data.json.
2026-03-30 17:36:37,526 | INFO | 2026-03-27.json is saved to Historic_raw_data folder and the currencies got are 29.
2026-03-30 17:36:37,532 | INFO | Data flattened successfully for date: 2026-03-27
2026-03-30 17:36:37,534 | INFO | Flattened data saved to 2026-03-27.csv in Silver/flattened_data folder.
2026-03-30 17:36:37,539 | INFO | cleaned data is saved to clean_data_2026-03-30_17-36-37.csv in Silver.
2026-03-30 17:36:37,539 | INFO | No error data found after applying the rules.
2026-03-30 17:36:37,571 | INFO | Using ELT_PROJECT Database.
2026-03-30 17:36:37,574 | INFO | currency_exchange_rate table created successfully and got committed.
2026-03-30 17:36:37,580 | INFO | Rows got successfully inserted into currency_exchange_rate and the rows got inserted are 29.
2026-03-30 17:36:37,581 | INFO | Starting KPI calculations.
2026-03-30 17:36:37,581 | INFO | Starting KPI-1 calculation.
2026-03-30 17:36:37,605 | INFO | KPI-1 is successfully created.
2026-03-30 17:36:37,606 | INFO | Starting KPI-2 calculation.
2026-03-30 17:36:37,618 | INFO | KPI-2 is successfully created.
2026-03-30 17:36:37,618 | INFO | Starting KPI-3 calculation.
2026-03-30 17:36:37,627 | INFO | KPI-3 is successfully created.
2026-03-30 17:36:37,628 | INFO | Starting KPI-4 calculation.
2026-03-30 17:36:37,636 | INFO | KPI-4 is successfully created.
2026-03-30 17:36:37,637 | INFO | Starting KPI-5 calculation.
2026-03-30 17:36:37,645 | INFO | KPI-5 is successfully created.
2026-03-30 17:36:37,645 | INFO | Starting KPI-6 calculation.
2026-03-30 17:36:37,654 | INFO | KPI-6 is successfully created.
2026-03-30 17:36:37,654 | INFO | Starting KPI-7 calculation.
2026-03-30 17:36:37,665 | INFO | KPI-7 is successfully created.
2026-03-30 17:36:37,665 | INFO | All KPIs have been calculated and stored in the database.
2026-03-30 17:36:37,665 | INFO | Pipeline execution completed.
2026-03-30 17:36:37,665 | INFO | cleaned data rows count: 29
2026-03-30 17:36:37,665 | INFO | error data rows count: 0
2026-03-30 17:36:37,665 | INFO | Total rows generated by API : 29
2026-03-30 17:36:37,665 | INFO | ETL pipeline execution completed successfully.
2026-03-30 17:36:37,665 | INFO | ******************************************** END ********************************************
