2026-03-30 16:00:02,112 | INFO | Scheduled trigger activated at 2026-03-30. Running the ETL pipeline.
2026-03-30 16:00:02,113 | INFO | Starting the ETL pipeline and the trigger: schedule.
2026-03-30 16:00:02,113 | INFO | No config changes. Skipping run. 
2026-03-30 16:00:02,728 | INFO | url used to fetch the API is : https://api.frankfurter.dev/v1/2026-03-30..?base=USD
2026-03-30 16:00:02,729 | INFO | Data saved successfully to new_raw_data.json
2026-03-30 16:00:02,731 | INFO | Raw data loaded successfully from the file new_raw_data.json.
2026-03-30 16:00:02,733 | INFO | 2026-03-27.json is saved to Historic_raw_data folder and the currencies got are 29.
2026-03-30 16:00:02,746 | INFO | Data flattened successfully for date: 2026-03-27
2026-03-30 16:00:02,751 | INFO | Flattened data saved to 2026-03-27.csv in Silver/flattened_data folder.
2026-03-30 16:00:02,766 | INFO | cleaned data is saved to clean_data_2026-03-30_16-00-02.csv in Silver. The number of rows in clean data are 29.
2026-03-30 16:00:02,766 | INFO | No error data found after applying the rules.
2026-03-30 16:00:02,831 | INFO | Using ELT_PROJECT Database.
2026-03-30 16:00:02,845 | INFO | currency_exchange_rate table created successfully and got committed.
2026-03-30 16:00:02,864 | INFO | Rows got successfully inserted into currency_exchange_rate and the rows got inserted are 29.
2026-03-30 16:00:02,865 | INFO | Starting KPI calculations.
2026-03-30 16:00:02,865 | INFO | Starting KPI-1 calculation.
2026-03-30 16:00:03,381 | INFO | KPI-1 is successfully created.
2026-03-30 16:00:03,382 | INFO | Starting KPI-2 calculation.
2026-03-30 16:00:03,737 | INFO | KPI-2 is successfully created.
2026-03-30 16:00:03,738 | INFO | Starting KPI-3 calculation.
2026-03-30 16:00:03,986 | INFO | KPI-3 is successfully created.
2026-03-30 16:00:03,987 | INFO | Starting KPI-4 calculation.
2026-03-30 16:00:04,111 | INFO | KPI-4 is successfully created.
2026-03-30 16:00:04,111 | INFO | Starting KPI-5 calculation.
2026-03-30 16:00:04,199 | INFO | KPI-5 is successfully created.
2026-03-30 16:00:04,199 | INFO | Starting KPI-6 calculation.
2026-03-30 16:00:04,390 | INFO | KPI-6 is successfully created.
2026-03-30 16:00:04,390 | INFO | Starting KPI-7 calculation.
2026-03-30 16:00:04,635 | INFO | KPI-7 is successfully created.
2026-03-30 16:00:04,635 | INFO | All KPIs have been calculated and stored in the database.
2026-03-30 16:00:04,635 | INFO | Pipeline execution completed.
2026-03-30 16:00:04,636 | INFO | ETL pipeline execution completed successfully.
