2026-03-30 19:20:41,824 | INFO | Pipelie Run By : Akshaya
2026-03-30 19:20:41,824 | INFO | Project Name : Currency_Exchange_Rate_Pipeline
2026-03-30 19:20:41,824 | INFO | Time : 2026-03-30 19:20:41.824747
2026-03-30 19:20:41,824 | INFO | --------------------------------------------------------------------------------------------------------------------------
2026-03-30 19:20:41,824 | INFO | Manual trigger activated at 2026-03-30. Running the ETL pipeline.
2026-03-30 19:20:41,824 | INFO | Starting the ETL pipeline and the trigger: manual.
2026-03-30 19:20:42,218 | INFO | url used to fetch the API is : https://api.frankfurter.dev/v1/2026-03-10..2026-03-10?base=USD
2026-03-30 19:20:42,219 | INFO | Data saved successfully to new_raw_data.json
2026-03-30 19:21:42,232 | INFO | Raw data loaded successfully from the file new_raw_data.json.
2026-03-30 19:21:42,235 | INFO | 2026-03-10.json is saved to Historic_raw_data folder and the currencies got are 29.
2026-03-30 19:21:42,247 | INFO | Data flattened successfully for date: 2026-03-10
2026-03-30 19:21:42,254 | INFO | Flattened data saved to 2026-03-10.csv in Silver/flattened_data folder.
2026-03-30 19:21:42,262 | INFO | cleaned data is saved to clean_data_2026-03-30_19-21-42.csv in Silver.
2026-03-30 19:21:42,262 | INFO | No error data found after applying the rules.
2026-03-30 19:21:42,295 | INFO | Using ELT_PROJECT Database.
2026-03-30 19:21:42,297 | INFO | currency_exchange_rate table created successfully and got committed.
2026-03-30 19:21:42,305 | INFO | Rows got successfully inserted into currency_exchange_rate.
2026-03-30 19:21:42,306 | INFO | Starting KPI calculations.
2026-03-30 19:21:42,306 | INFO | Starting KPI-1 calculation.
2026-03-30 19:21:42,769 | INFO | KPI-1 is successfully created.
2026-03-30 19:21:42,771 | INFO | Starting KPI-2 calculation.
2026-03-30 19:21:43,117 | INFO | KPI-2 is successfully created.
2026-03-30 19:21:43,118 | INFO | Starting KPI-3 calculation.
2026-03-30 19:21:43,334 | INFO | KPI-3 is successfully created.
2026-03-30 19:21:43,335 | INFO | Starting KPI-4 calculation.
2026-03-30 19:21:43,441 | INFO | KPI-4 is successfully created.
2026-03-30 19:21:43,441 | INFO | Starting KPI-5 calculation.
2026-03-30 19:21:43,523 | INFO | KPI-5 is successfully created.
2026-03-30 19:21:43,524 | INFO | Starting KPI-6 calculation.
2026-03-30 19:21:43,708 | INFO | KPI-6 is successfully created.
2026-03-30 19:21:43,709 | INFO | Starting KPI-7 calculation.
2026-03-30 19:21:43,878 | INFO | KPI-7 is successfully created.
2026-03-30 19:21:43,878 | INFO | All KPIs have been calculated and stored in the database.
2026-03-30 19:21:43,878 | INFO | Pipeline execution completed.


leaned data rows count: 29
Error data rows count: 0
Total rows generated by API : 29
ETL pipeline execution completed successfully.


******************************************** END ********************************************
