2026-03-30 16:59:46,374 | INFO | Scheduled trigger activated at 2026-03-30. Running the ETL pipeline.
2026-03-30 16:59:46,375 | INFO | Starting the ETL pipeline and the trigger: schedule.
2026-03-30 16:59:46,856 | INFO | url used to fetch the API is : https://api.frankfurter.dev/v1/2026-03-29..2026-03-29?base=USD
2026-03-30 16:59:46,857 | INFO | Data saved successfully to new_raw_data.json
2026-03-30 16:59:46,858 | INFO | Raw data loaded successfully from the file new_raw_data.json.
2026-03-30 16:59:46,859 | INFO | 2026-03-27.json is saved to Historic_raw_data folder and the currencies got are 29.
2026-03-30 16:59:46,867 | INFO | Data flattened successfully for date: 2026-03-27
2026-03-30 16:59:46,870 | INFO | Flattened data saved to 2026-03-27.csv in Silver/flattened_data folder.
2026-03-30 16:59:46,876 | INFO | cleaned data is saved to clean_data_2026-03-30_16-59-46.csv in Silver. The number of rows in clean data are 29.
2026-03-30 16:59:46,876 | INFO | No error data found after applying the rules.
2026-03-30 16:59:46,906 | INFO | Using ELT_PROJECT Database.
2026-03-30 16:59:46,909 | INFO | currency_exchange_rate table created successfully and got committed.
2026-03-30 16:59:46,918 | INFO | Rows got successfully inserted into currency_exchange_rate and the rows got inserted are 29.
2026-03-30 16:59:46,918 | INFO | Starting KPI calculations.
2026-03-30 16:59:46,918 | INFO | Starting KPI-1 calculation.
2026-03-30 16:59:47,369 | INFO | KPI-1 is successfully created.
2026-03-30 16:59:47,370 | INFO | Starting KPI-2 calculation.
2026-03-30 16:59:47,702 | INFO | KPI-2 is successfully created.
2026-03-30 16:59:47,704 | INFO | Starting KPI-3 calculation.
2026-03-30 16:59:47,912 | INFO | KPI-3 is successfully created.
2026-03-30 16:59:47,914 | INFO | Starting KPI-4 calculation.
2026-03-30 16:59:48,023 | INFO | KPI-4 is successfully created.
2026-03-30 16:59:48,026 | INFO | Starting KPI-5 calculation.
2026-03-30 16:59:48,105 | INFO | KPI-5 is successfully created.
2026-03-30 16:59:48,106 | INFO | Starting KPI-6 calculation.
2026-03-30 16:59:48,293 | INFO | KPI-6 is successfully created.
2026-03-30 16:59:48,293 | INFO | Starting KPI-7 calculation.
2026-03-30 16:59:48,455 | INFO | KPI-7 is successfully created.
2026-03-30 16:59:48,456 | INFO | All KPIs have been calculated and stored in the database.
2026-03-30 16:59:48,456 | INFO | Pipeline execution completed.
2026-03-30 16:59:48,457 | INFO | ETL pipeline execution completed successfully.
