2026-03-30 00:27:03,861 | INFO | url used to fetch the API is : https://api.frankfurter.dev/v1/2026-03-27..2026-03-28?base=USD
2026-03-30 00:27:03,862 | INFO | Data saved successfully to new_raw_data.json
2026-03-30 00:27:03,863 | INFO | Raw data loaded successfully from the file new_raw_data.json.
2026-03-30 00:27:03,864 | INFO | 2026-03-27.json is saved to Historic_raw_data folder and the currencies got are 29.
2026-03-30 00:27:03,870 | INFO | Data flattened successfully for date: 2026-03-27
2026-03-30 00:27:03,873 | INFO | Flattened data saved to 2026-03-27.csv in Silver/flattened_data folder.
2026-03-30 00:27:03,877 | INFO | cleaned data is saved to clean_data_2026-03-30_00-27-03.csv in Silver. The number of rows in clean data are 29.
2026-03-30 00:27:03,878 | INFO | error data is saved to error_data_2026-03-30_00-27-03.csv in Silver. The number of rows in error data are 0.
2026-03-30 00:27:03,914 | INFO | Using ELT_PROJECT Database.
2026-03-30 00:27:03,916 | INFO | currency_exchange_rate table created successfully and got committed.
2026-03-30 00:27:03,927 | INFO | Rows got successfully inserted into currency_exchange_rate and the rows got inserted are 29.
2026-03-30 00:27:04,432 | INFO | KPI-1 is successfully created.
2026-03-30 00:27:04,773 | INFO | KPI-2 is successfully created.
2026-03-30 00:27:04,987 | INFO | KPI-3 is successfully created.
2026-03-30 00:27:05,093 | INFO | KPI-4 is successfully created.
2026-03-30 00:27:05,172 | INFO | KPI-5 is successfully created.
2026-03-30 00:27:05,351 | INFO | KPI-6 is successfully created.
2026-03-30 00:27:05,517 | INFO | KPI-7 is successfully created.
2026-03-30 00:27:05,518 | INFO | All KPIs have been calculated and stored in the database.
2026-03-30 00:27:05,518 | INFO | ETL pipeline completed successfully.
2026-03-30 00:27:05,518 | ERROR | ETL pipeline failed with error: [Errno 2] No such file or directory: 'ELT_PROJECT_2/config_hash.txt' 
