2026-03-30 16:57:37,402 | INFO | Scheduled trigger activated at 2026-03-30. Running the ETL pipeline.
2026-03-30 16:57:37,403 | INFO | Starting the ETL pipeline and the trigger: schedule.
2026-03-30 16:57:38,069 | INFO | url used to fetch the API is : https://api.frankfurter.dev/v1/2026-03-28..2026-03-28?base=USD
2026-03-30 16:57:38,070 | INFO | Data saved successfully to new_raw_data.json
2026-03-30 16:57:38,072 | INFO | Raw data loaded successfully from the file new_raw_data.json.
2026-03-30 16:57:38,074 | INFO | 2026-03-27.json is saved to Historic_raw_data folder and the currencies got are 29.
2026-03-30 16:57:38,083 | INFO | Data flattened successfully for date: 2026-03-27
2026-03-30 16:57:38,088 | INFO | Flattened data saved to 2026-03-27.csv in Silver/flattened_data folder.
2026-03-30 16:57:38,094 | INFO | cleaned data is saved to clean_data_2026-03-30_16-57-38.csv in Silver. The number of rows in clean data are 29.
2026-03-30 16:57:38,094 | INFO | No error data found after applying the rules.
2026-03-30 16:57:38,149 | INFO | Using ELT_PROJECT Database.
2026-03-30 16:57:38,154 | INFO | currency_exchange_rate table created successfully and got committed.
2026-03-30 16:57:38,164 | INFO | Rows got successfully inserted into currency_exchange_rate and the rows got inserted are 29.
2026-03-30 16:57:38,164 | INFO | Starting KPI calculations.
2026-03-30 16:57:38,164 | INFO | Starting KPI-1 calculation.
2026-03-30 16:57:38,624 | INFO | KPI-1 is successfully created.
2026-03-30 16:57:38,626 | INFO | Starting KPI-2 calculation.
2026-03-30 16:57:38,958 | INFO | KPI-2 is successfully created.
2026-03-30 16:57:38,960 | INFO | Starting KPI-3 calculation.
2026-03-30 16:57:39,170 | INFO | KPI-3 is successfully created.
2026-03-30 16:57:39,170 | INFO | Starting KPI-4 calculation.
2026-03-30 16:57:39,281 | INFO | KPI-4 is successfully created.
2026-03-30 16:57:39,282 | INFO | Starting KPI-5 calculation.
2026-03-30 16:57:39,364 | INFO | KPI-5 is successfully created.
2026-03-30 16:57:39,367 | INFO | Starting KPI-6 calculation.
2026-03-30 16:57:39,543 | INFO | KPI-6 is successfully created.
2026-03-30 16:57:39,545 | INFO | Starting KPI-7 calculation.
2026-03-30 16:57:39,707 | INFO | KPI-7 is successfully created.
2026-03-30 16:57:39,708 | INFO | All KPIs have been calculated and stored in the database.
2026-03-30 16:57:39,708 | INFO | Pipeline execution completed.
2026-03-30 16:57:39,709 | INFO | ETL pipeline execution completed successfully.
