2026-03-30 03:57:56,165 | INFO | Scheduled trigger activated at 2026-03-30. Running the ETL pipeline.
2026-03-30 03:57:56,165 | INFO | Starting the ETL pipeline and the trigger: schedule.
2026-03-30 03:57:56,567 | INFO | url used to fetch the API is : https://api.frankfurter.dev/v1/2026-03-26..?base=USD
2026-03-30 03:57:56,569 | INFO | Data saved successfully to new_raw_data.json
2026-03-30 03:57:56,570 | INFO | Raw data loaded successfully from the file new_raw_data.json.
2026-03-30 03:57:56,571 | INFO | 2026-03-26.json is saved to Historic_raw_data folder and the currencies got are 29.
2026-03-30 03:57:56,571 | INFO | 2026-03-27.json is saved to Historic_raw_data folder and the currencies got are 29.
2026-03-30 03:57:56,578 | INFO | Data flattened successfully for date: 2026-03-26
2026-03-30 03:57:56,581 | INFO | Flattened data saved to 2026-03-26.csv in Silver/flattened_data folder.
2026-03-30 03:57:56,583 | INFO | Data flattened successfully for date: 2026-03-27
2026-03-30 03:57:56,583 | INFO | Flattened data saved to 2026-03-27.csv in Silver/flattened_data folder.
2026-03-30 03:57:56,590 | INFO | cleaned data is saved to clean_data_2026-03-30_03-57-56.csv in Silver. The number of rows in clean data are 58.
2026-03-30 03:57:56,590 | INFO | No error data found after applying the rules.
2026-03-30 03:57:56,625 | INFO | Using ELT_PROJECT Database.
2026-03-30 03:57:56,628 | INFO | currency_exchange_rate table created successfully and got committed.
2026-03-30 03:57:56,639 | INFO | Rows got successfully inserted into currency_exchange_rate and the rows got inserted are 58.
2026-03-30 03:57:56,639 | INFO | Starting KPI calculations.
2026-03-30 03:57:56,639 | INFO | Starting KPI-1 calculation.
2026-03-30 03:57:57,107 | INFO | KPI-1 is successfully created.
2026-03-30 03:57:57,108 | INFO | Starting KPI-2 calculation.
2026-03-30 03:57:57,440 | INFO | KPI-2 is successfully created.
2026-03-30 03:57:57,441 | INFO | Starting KPI-3 calculation.
2026-03-30 03:57:57,650 | INFO | KPI-3 is successfully created.
2026-03-30 03:57:57,651 | INFO | Starting KPI-4 calculation.
2026-03-30 03:57:57,764 | INFO | KPI-4 is successfully created.
2026-03-30 03:57:57,766 | INFO | Starting KPI-5 calculation.
2026-03-30 03:57:57,850 | INFO | KPI-5 is successfully created.
2026-03-30 03:57:57,850 | INFO | Starting KPI-6 calculation.
2026-03-30 03:57:58,026 | INFO | KPI-6 is successfully created.
2026-03-30 03:57:58,028 | INFO | Starting KPI-7 calculation.
2026-03-30 03:57:58,192 | INFO | KPI-7 is successfully created.
2026-03-30 03:57:58,192 | INFO | All KPIs have been calculated and stored in the database.
2026-03-30 03:57:58,192 | INFO | Pipeline execution completed.
2026-03-30 03:57:58,193 | INFO | ETL pipeline execution completed successfully.
