2026-03-30 17:00:34,251 | INFO | Scheduled trigger activated at 2026-03-30. Running the ETL pipeline.
2026-03-30 17:00:34,252 | INFO | Starting the ETL pipeline and the trigger: schedule.
2026-03-30 17:00:34,702 | INFO | url used to fetch the API is : https://api.frankfurter.dev/v1/2026-03-29..2026-03-29?base=USD
2026-03-30 17:00:34,704 | INFO | Data saved successfully to new_raw_data.json
2026-03-30 17:00:34,705 | INFO | Raw data loaded successfully from the file new_raw_data.json.
2026-03-30 17:00:34,706 | INFO | 2026-03-27.json is saved to Historic_raw_data folder and the currencies got are 29.
2026-03-30 17:00:34,713 | INFO | Data flattened successfully for date: 2026-03-27
2026-03-30 17:00:34,715 | INFO | Flattened data saved to 2026-03-27.csv in Silver/flattened_data folder.
2026-03-30 17:00:34,721 | INFO | cleaned data is saved to clean_data_2026-03-30_17-00-34.csv in Silver. The number of rows in clean data are 29.
2026-03-30 17:00:34,721 | INFO | No error data found after applying the rules.
2026-03-30 17:00:34,748 | INFO | Using ELT_PROJECT Database.
2026-03-30 17:00:34,750 | INFO | currency_exchange_rate table created successfully and got committed.
2026-03-30 17:00:34,758 | INFO | Rows got successfully inserted into currency_exchange_rate and the rows got inserted are 29.
2026-03-30 17:00:34,759 | INFO | Starting KPI calculations.
2026-03-30 17:00:34,759 | INFO | Starting KPI-1 calculation.
2026-03-30 17:00:35,211 | INFO | KPI-1 is successfully created.
2026-03-30 17:00:35,212 | INFO | Starting KPI-2 calculation.
2026-03-30 17:00:35,542 | INFO | KPI-2 is successfully created.
2026-03-30 17:00:35,543 | INFO | Starting KPI-3 calculation.
2026-03-30 17:00:35,750 | INFO | KPI-3 is successfully created.
2026-03-30 17:00:35,751 | INFO | Starting KPI-4 calculation.
2026-03-30 17:00:35,855 | INFO | KPI-4 is successfully created.
2026-03-30 17:00:35,855 | INFO | Starting KPI-5 calculation.
2026-03-30 17:00:35,934 | INFO | KPI-5 is successfully created.
2026-03-30 17:00:35,937 | INFO | Starting KPI-6 calculation.
2026-03-30 17:00:36,113 | INFO | KPI-6 is successfully created.
2026-03-30 17:00:36,114 | INFO | Starting KPI-7 calculation.
2026-03-30 17:00:36,275 | INFO | KPI-7 is successfully created.
2026-03-30 17:00:36,276 | INFO | All KPIs have been calculated and stored in the database.
2026-03-30 17:00:36,276 | INFO | Pipeline execution completed.
2026-03-30 17:00:36,276 | INFO | ETL pipeline execution completed successfully.
