2026-04-01 15:14:12,055 | INFO | Pipelie Run By : Akshaya
2026-04-01 15:14:12,055 | INFO | Project Name : Currency_Exchange_Rate_Pipeline
2026-04-01 15:14:12,055 | INFO | Time : 2026-04-01 15:14:12.055267
2026-04-01 15:14:12,055 | INFO | --------------------------------------------------------------------------------------------------------------------------
2026-04-01 15:14:12,055 | INFO | Scheduled trigger activated at 2026-04-01. Running the ETL pipeline.
2026-04-01 15:14:12,055 | INFO | Starting the ETL pipeline and the trigger: schedule.
2026-04-01 15:14:12,536 | INFO | url used to fetch the API is : https://api.frankfurter.dev/v1/2026-04-01..?base=USD
2026-04-01 15:14:12,538 | INFO | Data saved successfully to new_raw_data.json
2026-04-01 15:14:27,544 | INFO | Raw data loaded successfully from the file new_raw_data.json.
2026-04-01 15:14:27,545 | INFO | 2026-03-31.json is saved to Historic_raw_data folder and the currencies got are 29.
2026-04-01 15:14:27,555 | INFO | Data flattened successfully for date: 2026-03-31
2026-04-01 15:14:27,559 | INFO | Flattened data saved to 2026-03-31.csv in Silver/flattened_data folder.
2026-04-01 15:14:27,565 | INFO | cleaned data is saved to clean_data_2026-04-01_15-14-27.csv in Silver.
2026-04-01 15:14:27,565 | INFO | No error data found after applying the rules.
2026-04-01 15:14:27,724 | INFO | Using ELT_PROJECT Database.
2026-04-01 15:14:27,749 | INFO | currency_exchange_rate table created successfully and got committed.
2026-04-01 15:14:27,763 | INFO | Rows got successfully inserted into currency_exchange_rate.
2026-04-01 15:14:27,765 | INFO | Starting KPI calculations.
2026-04-01 15:14:27,765 | INFO | Starting KPI-1 calculation.
2026-04-01 15:14:28,275 | INFO | KPI-1 is successfully created.
2026-04-01 15:14:28,277 | INFO | Starting KPI-2 calculation.
2026-04-01 15:14:28,774 | INFO | KPI-2 is successfully created.
2026-04-01 15:14:28,775 | INFO | Starting KPI-3 calculation.
2026-04-01 15:14:29,028 | INFO | KPI-3 is successfully created.
2026-04-01 15:14:29,028 | INFO | Starting KPI-4 calculation.
2026-04-01 15:14:29,149 | INFO | KPI-4 is successfully created.
2026-04-01 15:14:29,149 | INFO | Starting KPI-5 calculation.
2026-04-01 15:14:29,238 | INFO | KPI-5 is successfully created.
2026-04-01 15:14:29,239 | INFO | Starting KPI-6 calculation.
2026-04-01 15:14:29,436 | INFO | KPI-6 is successfully created.
2026-04-01 15:14:29,436 | INFO | Starting KPI-7 calculation.
2026-04-01 15:14:29,612 | INFO | KPI-7 is successfully created.
2026-04-01 15:14:29,613 | INFO | All KPIs have been calculated and stored in the database.
2026-04-01 15:14:29,613 | INFO | Pipeline execution completed.
2026-04-01 15:14:29,613 | INFO | cleaned data rows count: 29
2026-04-01 15:14:29,613 | INFO | error data rows count: 0
2026-04-01 15:14:29,613 | INFO | Total rows generated by API : 29
2026-04-01 15:14:29,613 | INFO | ETL pipeline execution completed successfully.
2026-04-01 15:14:29,613 | INFO | ******************************************** END ********************************************
